DEPRECATION WARNING: config.action_view.debug_rjs will be removed in 3.1, from 3.1 onwards you will need to install prototype-rails to continue to use RJS templates . (called from <top (required)> at /Users/zachbruhnke/projects/todo/config/environment.rb:5)
  [1m[36mSQL (0.4ms)[0m  [1mselect sqlite_version(*)[0m
  [1m[35mSQL (0.1ms)[0m   SELECT name
 FROM sqlite_master
 WHERE type = 'table' AND NOT name = 'sqlite_sequence'
  [1m[36mSQL (1.1ms)[0m  [1mCREATE TABLE "lists" ("id" INTEGER PRIMARY KEY AUTOINCREMENT NOT NULL, "name" varchar(255), "created_at" datetime, "updated_at" datetime) [0m
  [1m[35mSQL (0.1ms)[0m   SELECT name
 FROM sqlite_master
 WHERE type = 'table' AND NOT name = 'sqlite_sequence'
  [1m[36mSQL (1.2ms)[0m  [1mCREATE TABLE "tasks" ("id" INTEGER PRIMARY KEY AUTOINCREMENT NOT NULL, "name" varchar(255), "done" boolean, "created_at" datetime, "updated_at" datetime, "list_id" integer) [0m
  [1m[35mSQL (0.1ms)[0m   SELECT name
 FROM sqlite_master
 WHERE type = 'table' AND NOT name = 'sqlite_sequence'
  [1m[36mSQL (0.9ms)[0m  [1mCREATE TABLE "schema_migrations" ("version" varchar(255) NOT NULL) [0m
  [1m[35mSQL (0.0ms)[0m  PRAGMA index_list("schema_migrations")
  [1m[36mSQL (1.0ms)[0m  [1mCREATE UNIQUE INDEX "unique_schema_migrations" ON "schema_migrations" ("version")[0m
  [1m[35mSQL (0.1ms)[0m   SELECT name
 FROM sqlite_master
 WHERE type = 'table' AND NOT name = 'sqlite_sequence'
  [1m[36mSQL (0.1ms)[0m  [1mSELECT version FROM "schema_migrations"[0m
  [1m[35mSQL (0.9ms)[0m  INSERT INTO "schema_migrations" (version) VALUES ('20110613204114')
  [1m[36mSQL (0.8ms)[0m  [1mINSERT INTO "schema_migrations" (version) VALUES ('20110607004915')[0m
  [1m[35mSQL (1.1ms)[0m  INSERT INTO "schema_migrations" (version) VALUES ('20110608232732')
  [1m[36mSQL (1.1ms)[0m  [1mINSERT INTO "schema_migrations" (version) VALUES ('20110608235829')[0m
  [1m[35mSQL (0.2ms)[0m   SELECT name
 FROM sqlite_master
 WHERE type = 'table' AND NOT name = 'sqlite_sequence'
  [1m[36mSQL (0.1ms)[0m  [1m SELECT name
 FROM sqlite_master
 WHERE type = 'table' AND NOT name = 'sqlite_sequence'
[0m
  [1m[35mSQL (0.1ms)[0m  SELECT "schema_migrations"."version" FROM "schema_migrations"
  [1m[36mSQL (0.1ms)[0m  [1mSELECT 1 FROM "lists" WHERE ("lists"."name" = 'Inbox') LIMIT 1[0m
  [1m[35mAREL (0.2ms)[0m  INSERT INTO "lists" ("name", "created_at", "updated_at") VALUES ('Inbox', '2012-04-09 17:10:19.089986', '2012-04-09 17:10:19.089986')
DEPRECATION WARNING: config.action_view.debug_rjs will be removed in 3.1, from 3.1 onwards you will need to install prototype-rails to continue to use RJS templates . (called from <top (required)> at /Users/zachbruhnke/projects/todo/config/environment.rb:5)
  [1m[36mSQL (0.5ms)[0m  [1m SELECT name
 FROM sqlite_master
 WHERE type = 'table' AND NOT name = 'sqlite_sequence'
[0m
  [1m[35mSQL (0.1ms)[0m   SELECT name
 FROM sqlite_master
 WHERE type = 'table' AND NOT name = 'sqlite_sequence'
  [1m[36mSQL (0.1ms)[0m  [1mSELECT "schema_migrations"."version" FROM "schema_migrations"[0m
Migrating to CreateTasks (20110607004915)
Migrating to CreateLists (20110608232732)
Migrating to AddListIdToTask (20110608235829)
Migrating to AddLists (20110613204114)
  [1m[35mSQL (0.1ms)[0m  select sqlite_version(*)
  [1m[36mSQL (0.1ms)[0m  [1m SELECT name
 FROM sqlite_master
 WHERE type = 'table' AND NOT name = 'sqlite_sequence'
[0m
  [1m[35mSQL (0.1ms)[0m  SELECT "schema_migrations"."version" FROM "schema_migrations"
  [1m[36mSQL (0.1ms)[0m  [1m SELECT name
 FROM sqlite_master
 WHERE type = 'table' AND NOT name = 'sqlite_sequence'
[0m
  [1m[35mSQL (0.0ms)[0m  PRAGMA index_list("lists")
  [1m[36mSQL (0.0ms)[0m  [1mPRAGMA index_list("tasks")[0m
DEPRECATION WARNING: config.action_view.debug_rjs will be removed in 3.1, from 3.1 onwards you will need to install prototype-rails to continue to use RJS templates . (called from <top (required)> at /Users/zachbruhnke/projects/todo/config/environment.rb:5)
DEPRECATION WARNING: config.action_view.debug_rjs will be removed in 3.1, from 3.1 onwards you will need to install prototype-rails to continue to use RJS templates . (called from <top (required)> at /Users/zachbruhnke/projects/todo/config/environment.rb:5)


Started GET "/" for 127.0.0.1 at 2012-04-09 10:11:45 -0700
  Processing by TasksController#index as HTML
  [1m[36mSQL (0.5ms)[0m  [1m SELECT name
 FROM sqlite_master
 WHERE type = 'table' AND NOT name = 'sqlite_sequence'
[0m
  [1m[35mList Load (0.2ms)[0m  SELECT "lists".* FROM "lists"
  [1m[36mSQL (0.2ms)[0m  [1mSELECT COUNT(*) FROM "tasks" WHERE ("tasks".list_id = 1)[0m
  [1m[35mSQL (0.1ms)[0m  SELECT COUNT(*) FROM "tasks" WHERE "tasks"."done" = 't' AND ("tasks".list_id = 1)
Rendered lists/_form.html.erb (5.3ms)
Rendered tasks/index.html.erb within layouts/application (71.5ms)
Completed 200 OK in 132ms (Views: 74.8ms | ActiveRecord: 1.0ms)


Started GET "/blog" for 127.0.0.1 at 2012-04-09 10:11:51 -0700

ActionController::RoutingError (No route matches "/blog"):
  

Rendered /Users/zachbruhnke/.rvm/gems/ruby-1.9.3-p125/gems/actionpack-3.0.9/lib/action_dispatch/middleware/templates/rescues/routing_error.erb within rescues/layout (1.2ms)
DEPRECATION WARNING: config.action_view.debug_rjs will be removed in 3.1, from 3.1 onwards you will need to install prototype-rails to continue to use RJS templates . (called from <top (required)> at /Users/zachbruhnke/projects/todo/config/environment.rb:5)


Started GET "/" for 127.0.0.1 at 2012-04-09 10:42:25 -0700
  Processing by TasksController#index as HTML
  [1m[36mSQL (0.5ms)[0m  [1m SELECT name
 FROM sqlite_master
 WHERE type = 'table' AND NOT name = 'sqlite_sequence'
[0m
  [1m[35mList Load (0.2ms)[0m  SELECT "lists".* FROM "lists"
  [1m[36mSQL (0.2ms)[0m  [1mSELECT COUNT(*) FROM "tasks" WHERE ("tasks".list_id = 1)[0m
  [1m[35mSQL (0.1ms)[0m  SELECT COUNT(*) FROM "tasks" WHERE "tasks"."done" = 't' AND ("tasks".list_id = 1)
Rendered lists/_form.html.erb (5.1ms)
Rendered tasks/index.html.erb within layouts/application (91.4ms)
Completed 200 OK in 157ms (Views: 93.7ms | ActiveRecord: 1.0ms)


Started GET "/" for 127.0.0.1 at 2012-04-09 10:44:37 -0700
  Processing by TasksController#index as HTML
  [1m[36mList Load (0.2ms)[0m  [1mSELECT "lists".* FROM "lists"[0m
  [1m[35mSQL (0.2ms)[0m  SELECT COUNT(*) FROM "tasks" WHERE ("tasks".list_id = 1)
  [1m[36mSQL (0.1ms)[0m  [1mSELECT COUNT(*) FROM "tasks" WHERE "tasks"."done" = 't' AND ("tasks".list_id = 1)[0m
Rendered lists/_form.html.erb (22.3ms)
Rendered tasks/index.html.erb within layouts/application (45.6ms)
Completed 200 OK in 66ms (Views: 48.0ms | ActiveRecord: 0.4ms)


Started GET "/" for 127.0.0.1 at 2012-04-09 10:44:38 -0700
  Processing by TasksController#index as HTML
  [1m[35mList Load (0.2ms)[0m  SELECT "lists".* FROM "lists"
  [1m[36mSQL (0.3ms)[0m  [1mSELECT COUNT(*) FROM "tasks" WHERE ("tasks".list_id = 1)[0m
  [1m[35mSQL (0.2ms)[0m  SELECT COUNT(*) FROM "tasks" WHERE "tasks"."done" = 't' AND ("tasks".list_id = 1)
Rendered lists/_form.html.erb (6.7ms)
Rendered tasks/index.html.erb within layouts/application (54.6ms)
Completed 200 OK in 92ms (Views: 59.3ms | ActiveRecord: 0.7ms)


Started GET "/blof" for 127.0.0.1 at 2012-04-09 10:44:41 -0700

ActionController::RoutingError (No route matches "/blof"):
  

Rendered /Users/zachbruhnke/.rvm/gems/ruby-1.9.3-p125/gems/actionpack-3.0.9/lib/action_dispatch/middleware/templates/rescues/routing_error.erb within rescues/layout (0.7ms)


Started GET "/blog" for 127.0.0.1 at 2012-04-09 10:44:44 -0700

ActionController::RoutingError (No route matches "/blog"):
  

Rendered /Users/zachbruhnke/.rvm/gems/ruby-1.9.3-p125/gems/actionpack-3.0.9/lib/action_dispatch/middleware/templates/rescues/routing_error.erb within rescues/layout (0.8ms)
DEPRECATION WARNING: config.action_view.debug_rjs will be removed in 3.1, from 3.1 onwards you will need to install prototype-rails to continue to use RJS templates . (called from <top (required)> at /Users/zachbruhnke/projects/todo/config/environment.rb:5)
  [1m[36mSQL (0.5ms)[0m  [1mselect sqlite_version(*)[0m
  [1m[35mSQL (0.1ms)[0m   SELECT name
 FROM sqlite_master
 WHERE type = 'table' AND NOT name = 'sqlite_sequence'
  [1m[36mSQL (2.1ms)[0m  [1mDROP TABLE "lists"[0m
  [1m[35mSQL (0.9ms)[0m  CREATE TABLE "lists" ("id" INTEGER PRIMARY KEY AUTOINCREMENT NOT NULL, "name" varchar(255), "created_at" datetime, "updated_at" datetime) 
  [1m[36mSQL (0.1ms)[0m  [1m SELECT name
 FROM sqlite_master
 WHERE type = 'table' AND NOT name = 'sqlite_sequence'
[0m
  [1m[35mSQL (1.1ms)[0m  DROP TABLE "tasks"
  [1m[36mSQL (0.8ms)[0m  [1mCREATE TABLE "tasks" ("id" INTEGER PRIMARY KEY AUTOINCREMENT NOT NULL, "name" varchar(255), "done" boolean, "created_at" datetime, "updated_at" datetime, "list_id" integer) [0m
  [1m[35mSQL (0.1ms)[0m   SELECT name
 FROM sqlite_master
 WHERE type = 'table' AND NOT name = 'sqlite_sequence'
  [1m[36mSQL (0.5ms)[0m  [1mSELECT version FROM "schema_migrations"[0m
  [1m[35mSQL (0.1ms)[0m   SELECT name
 FROM sqlite_master
 WHERE type = 'table' AND NOT name = 'sqlite_sequence'
  [1m[36mSQL (0.1ms)[0m  [1m SELECT name
 FROM sqlite_master
 WHERE type = 'table' AND NOT name = 'sqlite_sequence'
[0m
  [1m[35mSQL (0.1ms)[0m  SELECT "schema_migrations"."version" FROM "schema_migrations"
  [1m[36mSQL (0.1ms)[0m  [1mSELECT 1 FROM "lists" WHERE ("lists"."name" = 'Inbox') LIMIT 1[0m
  [1m[35mAREL (0.2ms)[0m  INSERT INTO "lists" ("name", "created_at", "updated_at") VALUES ('Inbox', '2012-04-09 19:36:22.832009', '2012-04-09 19:36:22.832009')
DEPRECATION WARNING: config.action_view.debug_rjs will be removed in 3.1, from 3.1 onwards you will need to install prototype-rails to continue to use RJS templates . (called from <top (required)> at /Users/zachbruhnke/projects/todo/config/environment.rb:5)
  [1m[36mSQL (0.5ms)[0m  [1m SELECT name
 FROM sqlite_master
 WHERE type = 'table' AND NOT name = 'sqlite_sequence'
[0m
  [1m[35mSQL (0.1ms)[0m   SELECT name
 FROM sqlite_master
 WHERE type = 'table' AND NOT name = 'sqlite_sequence'
  [1m[36mSQL (0.1ms)[0m  [1mSELECT "schema_migrations"."version" FROM "schema_migrations"[0m
Migrating to CreateTasks (20110607004915)
Migrating to CreateLists (20110608232732)
Migrating to AddListIdToTask (20110608235829)
Migrating to AddLists (20110613204114)
  [1m[35mSQL (0.1ms)[0m  select sqlite_version(*)
  [1m[36mSQL (0.1ms)[0m  [1m SELECT name
 FROM sqlite_master
 WHERE type = 'table' AND NOT name = 'sqlite_sequence'
[0m
  [1m[35mSQL (0.1ms)[0m  SELECT "schema_migrations"."version" FROM "schema_migrations"
  [1m[36mSQL (0.1ms)[0m  [1m SELECT name
 FROM sqlite_master
 WHERE type = 'table' AND NOT name = 'sqlite_sequence'
[0m
  [1m[35mSQL (0.0ms)[0m  PRAGMA index_list("lists")
  [1m[36mSQL (0.0ms)[0m  [1mPRAGMA index_list("tasks")[0m
DEPRECATION WARNING: config.action_view.debug_rjs will be removed in 3.1, from 3.1 onwards you will need to install prototype-rails to continue to use RJS templates . (called from <top (required)> at /Users/zachbruhnke/projects/todo/config/environment.rb:5)


Started GET "/" for 127.0.0.1 at 2012-04-11 12:58:39 -0700
  Processing by TasksController#index as HTML
  [1m[36mSQL (0.5ms)[0m  [1m SELECT name
 FROM sqlite_master
 WHERE type = 'table' AND NOT name = 'sqlite_sequence'
[0m
  [1m[35mList Load (0.6ms)[0m  SELECT "lists".* FROM "lists"
  [1m[36mSQL (0.8ms)[0m  [1mSELECT COUNT(*) FROM "tasks" WHERE ("tasks".list_id = 1)[0m
  [1m[35mSQL (0.2ms)[0m  SELECT COUNT(*) FROM "tasks" WHERE "tasks"."done" = 't' AND ("tasks".list_id = 1)
Rendered lists/_form.html.erb (22.0ms)
Rendered tasks/index.html.erb within layouts/application (94.0ms)
Completed 200 OK in 161ms (Views: 97.5ms | ActiveRecord: 2.2ms)


Started GET "/blog" for 127.0.0.1 at 2012-04-11 12:58:44 -0700

ActionController::RoutingError (No route matches "/blog"):
  

Rendered /Users/zachbruhnke/.rvm/gems/ruby-1.9.3-p125@todo/gems/actionpack-3.0.9/lib/action_dispatch/middleware/templates/rescues/routing_error.erb within rescues/layout (0.9ms)


Started GET "/blog" for 127.0.0.1 at 2012-04-11 13:04:58 -0700

ActionController::RoutingError (uninitialized constant Public):
  

Rendered /Users/zachbruhnke/.rvm/gems/ruby-1.9.3-p125@todo/gems/actionpack-3.0.9/lib/action_dispatch/middleware/templates/rescues/routing_error.erb within rescues/layout (1.4ms)


Started GET "/blog" for 127.0.0.1 at 2012-04-11 13:04:58 -0700

ActionController::RoutingError (uninitialized constant Public):
  

Rendered /Users/zachbruhnke/.rvm/gems/ruby-1.9.3-p125@todo/gems/actionpack-3.0.9/lib/action_dispatch/middleware/templates/rescues/routing_error.erb within rescues/layout (1.3ms)


Started GET "/" for 127.0.0.1 at 2012-04-11 13:07:10 -0700
  Processing by TasksController#index as HTML
  [1m[36mList Load (0.2ms)[0m  [1mSELECT "lists".* FROM "lists"[0m
  [1m[35mSQL (0.2ms)[0m  SELECT COUNT(*) FROM "tasks" WHERE ("tasks".list_id = 1)
  [1m[36mSQL (0.1ms)[0m  [1mSELECT COUNT(*) FROM "tasks" WHERE "tasks"."done" = 't' AND ("tasks".list_id = 1)[0m
Rendered lists/_form.html.erb (5.4ms)
Rendered tasks/index.html.erb within layouts/application (53.3ms)
Completed 200 OK in 74ms (Views: 55.9ms | ActiveRecord: 0.5ms)


Started GET "/" for 127.0.0.1 at 2012-04-11 13:07:11 -0700
  Processing by TasksController#index as HTML
  [1m[35mList Load (0.2ms)[0m  SELECT "lists".* FROM "lists"
  [1m[36mSQL (0.2ms)[0m  [1mSELECT COUNT(*) FROM "tasks" WHERE ("tasks".list_id = 1)[0m
  [1m[35mSQL (0.1ms)[0m  SELECT COUNT(*) FROM "tasks" WHERE "tasks"."done" = 't' AND ("tasks".list_id = 1)
Rendered lists/_form.html.erb (5.1ms)
Rendered tasks/index.html.erb within layouts/application (46.0ms)
Completed 200 OK in 78ms (Views: 48.8ms | ActiveRecord: 0.5ms)


Started GET "/blog" for 127.0.0.1 at 2012-04-11 13:07:15 -0700

ActionController::RoutingError (wrong constant name _siteController):
  

Rendered /Users/zachbruhnke/.rvm/gems/ruby-1.9.3-p125@todo/gems/actionpack-3.0.9/lib/action_dispatch/middleware/templates/rescues/routing_error.erb within rescues/layout (1.2ms)


Started GET "/blog" for 127.0.0.1 at 2012-04-11 13:07:15 -0700

ActionController::RoutingError (wrong constant name _siteController):
  

Rendered /Users/zachbruhnke/.rvm/gems/ruby-1.9.3-p125@todo/gems/actionpack-3.0.9/lib/action_dispatch/middleware/templates/rescues/routing_error.erb within rescues/layout (1.6ms)
DEPRECATION WARNING: config.action_view.debug_rjs will be removed in 3.1, from 3.1 onwards you will need to install prototype-rails to continue to use RJS templates . (called from <top (required)> at /Users/zachbruhnke/projects/todo/config/environment.rb:5)


Started GET "/" for 127.0.0.1 at 2012-04-12 13:02:18 -0700
  Processing by TasksController#index as HTML
  [1m[36mSQL (0.5ms)[0m  [1m SELECT name
 FROM sqlite_master
 WHERE type = 'table' AND NOT name = 'sqlite_sequence'
[0m
  [1m[35mList Load (0.7ms)[0m  SELECT "lists".* FROM "lists"
  [1m[36mSQL (0.6ms)[0m  [1mSELECT COUNT(*) FROM "tasks" WHERE ("tasks".list_id = 1)[0m
  [1m[35mSQL (0.1ms)[0m  SELECT COUNT(*) FROM "tasks" WHERE "tasks"."done" = 't' AND ("tasks".list_id = 1)
Rendered lists/_form.html.erb (5.9ms)
Rendered tasks/index.html.erb within layouts/application (90.7ms)
Completed 200 OK in 164ms (Views: 93.7ms | ActiveRecord: 1.9ms)
DEPRECATION WARNING: config.action_view.debug_rjs will be removed in 3.1, from 3.1 onwards you will need to install prototype-rails to continue to use RJS templates . (called from <top (required)> at /Users/zachbruhnke/projects/todo/config/environment.rb:5)


Started GET "/" for 127.0.0.1 at 2012-04-12 13:05:32 -0700
  Processing by TasksController#index as HTML
  [1m[36mSQL (0.5ms)[0m  [1m SELECT name
 FROM sqlite_master
 WHERE type = 'table' AND NOT name = 'sqlite_sequence'
[0m
  [1m[35mList Load (0.3ms)[0m  SELECT "lists".* FROM "lists"
  [1m[36mSQL (0.2ms)[0m  [1mSELECT COUNT(*) FROM "tasks" WHERE ("tasks".list_id = 1)[0m
  [1m[35mSQL (0.1ms)[0m  SELECT COUNT(*) FROM "tasks" WHERE "tasks"."done" = 't' AND ("tasks".list_id = 1)
Rendered lists/_form.html.erb (5.5ms)
Rendered tasks/index.html.erb within layouts/application (70.8ms)
Completed 200 OK in 132ms (Views: 73.9ms | ActiveRecord: 1.0ms)


Started GET "/" for 127.0.0.1 at 2012-04-12 13:05:33 -0700
  Processing by TasksController#index as HTML
  [1m[36mList Load (0.3ms)[0m  [1mSELECT "lists".* FROM "lists"[0m
  [1m[35mSQL (0.2ms)[0m  SELECT COUNT(*) FROM "tasks" WHERE ("tasks".list_id = 1)
  [1m[36mSQL (0.1ms)[0m  [1mSELECT COUNT(*) FROM "tasks" WHERE "tasks"."done" = 't' AND ("tasks".list_id = 1)[0m
Rendered lists/_form.html.erb (7.3ms)
Rendered tasks/index.html.erb within layouts/application (45.8ms)
Completed 200 OK in 80ms (Views: 50.6ms | ActiveRecord: 0.6ms)


Started GET "/" for 127.0.0.1 at 2012-04-12 13:11:38 -0700
  Processing by TasksController#index as HTML
  [1m[35mList Load (0.3ms)[0m  SELECT "lists".* FROM "lists"
  [1m[36mSQL (0.2ms)[0m  [1mSELECT COUNT(*) FROM "tasks" WHERE ("tasks".list_id = 1)[0m
  [1m[35mSQL (0.1ms)[0m  SELECT COUNT(*) FROM "tasks" WHERE "tasks"."done" = 't' AND ("tasks".list_id = 1)
Rendered lists/_form.html.erb (6.0ms)
Rendered tasks/index.html.erb within layouts/application (59.5ms)
Completed 200 OK in 88ms (Views: 64.1ms | ActiveRecord: 0.6ms)


Started GET "/" for 127.0.0.1 at 2012-04-12 13:21:26 -0700
  Processing by TasksController#index as HTML
  [1m[36mList Load (0.2ms)[0m  [1mSELECT "lists".* FROM "lists"[0m
  [1m[35mSQL (0.2ms)[0m  SELECT COUNT(*) FROM "tasks" WHERE ("tasks".list_id = 1)
  [1m[36mSQL (0.1ms)[0m  [1mSELECT COUNT(*) FROM "tasks" WHERE "tasks"."done" = 't' AND ("tasks".list_id = 1)[0m
Rendered lists/_form.html.erb (6.3ms)
Rendered tasks/index.html.erb within layouts/application (39.2ms)
Completed 200 OK in 85ms (Views: 41.6ms | ActiveRecord: 0.5ms)


Started GET "/" for 127.0.0.1 at 2012-04-12 13:21:27 -0700
  Processing by TasksController#index as HTML
  [1m[35mList Load (0.3ms)[0m  SELECT "lists".* FROM "lists"
  [1m[36mSQL (0.2ms)[0m  [1mSELECT COUNT(*) FROM "tasks" WHERE ("tasks".list_id = 1)[0m
  [1m[35mSQL (0.1ms)[0m  SELECT COUNT(*) FROM "tasks" WHERE "tasks"."done" = 't' AND ("tasks".list_id = 1)
Rendered lists/_form.html.erb (9.8ms)
Rendered tasks/index.html.erb within layouts/application (37.7ms)
Completed 200 OK in 93ms (Views: 42.6ms | ActiveRecord: 0.6ms)


Started GET "/" for 127.0.0.1 at 2012-04-12 13:26:31 -0700
  Processing by TasksController#index as HTML
  [1m[36mList Load (0.2ms)[0m  [1mSELECT "lists".* FROM "lists"[0m
  [1m[35mSQL (0.2ms)[0m  SELECT COUNT(*) FROM "tasks" WHERE ("tasks".list_id = 1)
  [1m[36mSQL (0.1ms)[0m  [1mSELECT COUNT(*) FROM "tasks" WHERE "tasks"."done" = 't' AND ("tasks".list_id = 1)[0m
Rendered lists/_form.html.erb (5.3ms)
Rendered tasks/index.html.erb within layouts/application (32.7ms)
Completed 200 OK in 76ms (Views: 36.1ms | ActiveRecord: 0.4ms)
DEPRECATION WARNING: config.action_view.debug_rjs will be removed in 3.1, from 3.1 onwards you will need to install prototype-rails to continue to use RJS templates . (called from <top (required)> at /Users/zachbruhnke/projects/todo/config/environment.rb:5)


Started GET "/" for 127.0.0.1 at 2012-04-12 13:33:43 -0700
  Processing by TasksController#index as HTML
  [1m[36mSQL (0.8ms)[0m  [1m SELECT name
 FROM sqlite_master
 WHERE type = 'table' AND NOT name = 'sqlite_sequence'
[0m
  [1m[35mList Load (0.2ms)[0m  SELECT "lists".* FROM "lists"
  [1m[36mSQL (0.2ms)[0m  [1mSELECT COUNT(*) FROM "tasks" WHERE ("tasks".list_id = 1)[0m
  [1m[35mSQL (0.1ms)[0m  SELECT COUNT(*) FROM "tasks" WHERE "tasks"."done" = 't' AND ("tasks".list_id = 1)
Rendered lists/_form.html.erb (5.7ms)
Rendered tasks/index.html.erb within layouts/application (94.0ms)
Completed 200 OK in 169ms (Views: 97.3ms | ActiveRecord: 1.3ms)


Started GET "/" for 127.0.0.1 at 2012-04-12 13:34:59 -0700
  Processing by TasksController#index as HTML
  [1m[36mList Load (0.2ms)[0m  [1mSELECT "lists".* FROM "lists"[0m
  [1m[35mSQL (0.2ms)[0m  SELECT COUNT(*) FROM "tasks" WHERE ("tasks".list_id = 1)
  [1m[36mSQL (0.1ms)[0m  [1mSELECT COUNT(*) FROM "tasks" WHERE "tasks"."done" = 't' AND ("tasks".list_id = 1)[0m
Rendered lists/_form.html.erb (5.2ms)
Rendered tasks/index.html.erb within layouts/application (33.0ms)
Completed 200 OK in 56ms (Views: 35.4ms | ActiveRecord: 0.4ms)
DEPRECATION WARNING: config.action_view.debug_rjs will be removed in 3.1, from 3.1 onwards you will need to install prototype-rails to continue to use RJS templates . (called from <top (required)> at /Users/zachbruhnke/projects/todo/config/environment.rb:5)


Started GET "/blog" for 127.0.0.1 at 2012-04-12 13:35:40 -0700

ActionController::RoutingError (No route matches "/blog"):
  

Rendered /Users/zachbruhnke/.rvm/gems/ruby-1.9.3-p125@todo/gems/actionpack-3.0.9/lib/action_dispatch/middleware/templates/rescues/routing_error.erb within rescues/layout (0.9ms)


Started GET "/blog" for 127.0.0.1 at 2012-04-12 13:36:03 -0700

ActionController::RoutingError (No route matches "/blog"):
  

Rendered /Users/zachbruhnke/.rvm/gems/ruby-1.9.3-p125@todo/gems/actionpack-3.0.9/lib/action_dispatch/middleware/templates/rescues/routing_error.erb within rescues/layout (0.9ms)


Started GET "/blog" for 127.0.0.1 at 2012-04-12 13:36:05 -0700

ActionController::RoutingError (No route matches "/blog"):
  

Rendered /Users/zachbruhnke/.rvm/gems/ruby-1.9.3-p125@todo/gems/actionpack-3.0.9/lib/action_dispatch/middleware/templates/rescues/routing_error.erb within rescues/layout (0.9ms)
DEPRECATION WARNING: config.action_view.debug_rjs will be removed in 3.1, from 3.1 onwards you will need to install prototype-rails to continue to use RJS templates . (called from <top (required)> at /Users/zachbruhnke/projects/todo/config/environment.rb:5)
DEPRECATION WARNING: config.action_view.debug_rjs will be removed in 3.1, from 3.1 onwards you will need to install prototype-rails to continue to use RJS templates . (called from <top (required)> at /Users/zachbruhnke/projects/todo/config/environment.rb:5)


Started GET "/" for 127.0.0.1 at 2012-04-12 14:21:01 -0700
  Processing by TasksController#index as HTML
  [1m[36mSQL (0.5ms)[0m  [1m SELECT name
 FROM sqlite_master
 WHERE type = 'table' AND NOT name = 'sqlite_sequence'
[0m
  [1m[35mList Load (0.2ms)[0m  SELECT "lists".* FROM "lists"
  [1m[36mSQL (0.2ms)[0m  [1mSELECT COUNT(*) FROM "tasks" WHERE ("tasks".list_id = 1)[0m
  [1m[35mSQL (0.1ms)[0m  SELECT COUNT(*) FROM "tasks" WHERE "tasks"."done" = 't' AND ("tasks".list_id = 1)
Rendered lists/_form.html.erb (5.8ms)
Rendered tasks/index.html.erb within layouts/application (109.4ms)
Completed 200 OK in 172ms (Views: 112.7ms | ActiveRecord: 1.0ms)


Started GET "/jekyll-base" for 127.0.0.1 at 2012-04-12 14:21:07 -0700

ActionController::RoutingError (No route matches "/jekyll-base"):
  

Rendered /Users/zachbruhnke/.rvm/gems/ruby-1.9.3-p125@todo/gems/actionpack-3.0.9/lib/action_dispatch/middleware/templates/rescues/routing_error.erb within rescues/layout (1.0ms)


Started GET "/" for 127.0.0.1 at 2012-04-12 14:38:15 -0700

NameError (uninitialized constant JekyllBlog):
  config/routes.rb:6:in `block in <top (required)>'
  config/routes.rb:1:in `<top (required)>'

Rendered /Users/zachbruhnke/.rvm/gems/ruby-1.9.3-p125@todo/gems/actionpack-3.0.9/lib/action_dispatch/middleware/templates/rescues/_trace.erb (5.4ms)
Rendered /Users/zachbruhnke/.rvm/gems/ruby-1.9.3-p125@todo/gems/actionpack-3.0.9/lib/action_dispatch/middleware/templates/rescues/_request_and_response.erb (2.8ms)
Rendered /Users/zachbruhnke/.rvm/gems/ruby-1.9.3-p125@todo/gems/actionpack-3.0.9/lib/action_dispatch/middleware/templates/rescues/diagnostics.erb within rescues/layout (23.4ms)
DEPRECATION WARNING: config.action_view.debug_rjs will be removed in 3.1, from 3.1 onwards you will need to install prototype-rails to continue to use RJS templates . (called from <top (required)> at /Users/zachbruhnke/projects/todo/config/environment.rb:5)
DEPRECATION WARNING: config.action_view.debug_rjs will be removed in 3.1, from 3.1 onwards you will need to install prototype-rails to continue to use RJS templates . (called from <top (required)> at /Users/zachbruhnke/projects/todo/config/environment.rb:5)
DEPRECATION WARNING: config.action_view.debug_rjs will be removed in 3.1, from 3.1 onwards you will need to install prototype-rails to continue to use RJS templates . (called from <top (required)> at /Users/zachbruhnke/projects/todo/config/environment.rb:5)
DEPRECATION WARNING: config.action_view.debug_rjs will be removed in 3.1, from 3.1 onwards you will need to install prototype-rails to continue to use RJS templates . (called from <top (required)> at /Users/zachbruhnke/projects/todo/config/environment.rb:5)
DEPRECATION WARNING: config.action_view.debug_rjs will be removed in 3.1, from 3.1 onwards you will need to install prototype-rails to continue to use RJS templates . (called from <top (required)> at /Users/zachbruhnke/projects/todo/config/environment.rb:5)
DEPRECATION WARNING: config.action_view.debug_rjs will be removed in 3.1, from 3.1 onwards you will need to install prototype-rails to continue to use RJS templates . (called from <top (required)> at /Users/zachbruhnke/projects/todo/config/environment.rb:5)


Started GET "/" for 127.0.0.1 at 2012-04-13 13:39:05 -0700
  Processing by TasksController#index as HTML
  [1m[36mSQL (0.5ms)[0m  [1m SELECT name
 FROM sqlite_master
 WHERE type = 'table' AND NOT name = 'sqlite_sequence'
[0m
  [1m[35mList Load (0.5ms)[0m  SELECT "lists".* FROM "lists"
  [1m[36mSQL (0.7ms)[0m  [1mSELECT COUNT(*) FROM "tasks" WHERE ("tasks".list_id = 1)[0m
  [1m[35mSQL (0.2ms)[0m  SELECT COUNT(*) FROM "tasks" WHERE "tasks"."done" = 't' AND ("tasks".list_id = 1)
Rendered lists/_form.html.erb (7.1ms)
Rendered tasks/index.html.erb within layouts/application (130.0ms)
Completed 200 OK in 215ms (Views: 133.7ms | ActiveRecord: 2.0ms)


Started GET "/blog" for 127.0.0.1 at 2012-04-13 13:39:08 -0700

ActionController::RoutingError (No route matches "/blog"):
  

Rendered /Users/zachbruhnke/.rvm/gems/ruby-1.9.3-p125@todo/gems/actionpack-3.0.9/lib/action_dispatch/middleware/templates/rescues/routing_error.erb within rescues/layout (0.9ms)


Started GET "/blog" for 127.0.0.1 at 2012-04-13 13:39:09 -0700

ActionController::RoutingError (No route matches "/blog"):
  

Rendered /Users/zachbruhnke/.rvm/gems/ruby-1.9.3-p125@todo/gems/actionpack-3.0.9/lib/action_dispatch/middleware/templates/rescues/routing_error.erb within rescues/layout (0.7ms)
DEPRECATION WARNING: config.action_view.debug_rjs will be removed in 3.1, from 3.1 onwards you will need to install prototype-rails to continue to use RJS templates . (called from <top (required)> at /Users/zachbruhnke/projects/todo/config/environment.rb:5)
DEPRECATION WARNING: config.action_view.debug_rjs will be removed in 3.1, from 3.1 onwards you will need to install prototype-rails to continue to use RJS templates . (called from <top (required)> at /Users/zachbruhnke/projects/todo/config/environment.rb:5)
DEPRECATION WARNING: config.action_view.debug_rjs will be removed in 3.1, from 3.1 onwards you will need to install prototype-rails to continue to use RJS templates . (called from <top (required)> at /Users/zachbruhnke/projects/todo/config/environment.rb:5)
DEPRECATION WARNING: config.action_view.debug_rjs will be removed in 3.1, from 3.1 onwards you will need to install prototype-rails to continue to use RJS templates . (called from <top (required)> at /Users/zachbruhnke/projects/todo/config/environment.rb:5)


Started GET "/" for 127.0.0.1 at 2012-04-13 13:52:25 -0700
  Processing by TasksController#index as HTML
  [1m[36mSQL (0.5ms)[0m  [1m SELECT name
 FROM sqlite_master
 WHERE type = 'table' AND NOT name = 'sqlite_sequence'
[0m
  [1m[35mList Load (0.3ms)[0m  SELECT "lists".* FROM "lists"
  [1m[36mSQL (0.3ms)[0m  [1mSELECT COUNT(*) FROM "tasks" WHERE ("tasks".list_id = 1)[0m
  [1m[35mSQL (0.2ms)[0m  SELECT COUNT(*) FROM "tasks" WHERE "tasks"."done" = 't' AND ("tasks".list_id = 1)
Rendered lists/_form.html.erb (6.6ms)
Rendered tasks/index.html.erb within layouts/application (90.2ms)
Completed 200 OK in 177ms (Views: 93.0ms | ActiveRecord: 1.2ms)


Started GET "/blog" for 127.0.0.1 at 2012-04-13 13:52:29 -0700

ActionController::RoutingError (No route matches "/blog"):
  

Rendered /Users/zachbruhnke/.rvm/gems/ruby-1.9.3-p125@todo/gems/actionpack-3.0.9/lib/action_dispatch/middleware/templates/rescues/routing_error.erb within rescues/layout (0.8ms)


Started GET "/blog" for 127.0.0.1 at 2012-04-13 13:52:29 -0700

ActionController::RoutingError (No route matches "/blog"):
  

Rendered /Users/zachbruhnke/.rvm/gems/ruby-1.9.3-p125@todo/gems/actionpack-3.0.9/lib/action_dispatch/middleware/templates/rescues/routing_error.erb within rescues/layout (0.9ms)


Started GET "/" for 127.0.0.1 at 2012-04-13 13:54:53 -0700
  Processing by TasksController#index as HTML
  [1m[36mList Load (0.2ms)[0m  [1mSELECT "lists".* FROM "lists"[0m
  [1m[35mSQL (0.2ms)[0m  SELECT COUNT(*) FROM "tasks" WHERE ("tasks".list_id = 1)
  [1m[36mSQL (0.1ms)[0m  [1mSELECT COUNT(*) FROM "tasks" WHERE "tasks"."done" = 't' AND ("tasks".list_id = 1)[0m
Rendered lists/_form.html.erb (9.4ms)
Rendered tasks/index.html.erb within layouts/application (52.5ms)
Completed 200 OK in 77ms (Views: 55.7ms | ActiveRecord: 0.5ms)


Started GET "/blog" for 127.0.0.1 at 2012-04-13 13:54:57 -0700

ActionController::RoutingError (No route matches "/blog"):
  

Rendered /Users/zachbruhnke/.rvm/gems/ruby-1.9.3-p125@todo/gems/actionpack-3.0.9/lib/action_dispatch/middleware/templates/rescues/routing_error.erb within rescues/layout (0.9ms)


Started GET "/blog" for 127.0.0.1 at 2012-04-13 13:54:58 -0700

ActionController::RoutingError (No route matches "/blog"):
  

Rendered /Users/zachbruhnke/.rvm/gems/ruby-1.9.3-p125@todo/gems/actionpack-3.0.9/lib/action_dispatch/middleware/templates/rescues/routing_error.erb within rescues/layout (1.3ms)


Started GET "/blog" for 127.0.0.1 at 2012-04-13 13:55:34 -0700

ArgumentError (missing :action):
  config/routes.rb:7:in `block in <top (required)>'
  config/routes.rb:1:in `<top (required)>'

Rendered /Users/zachbruhnke/.rvm/gems/ruby-1.9.3-p125@todo/gems/actionpack-3.0.9/lib/action_dispatch/middleware/templates/rescues/_trace.erb (1.2ms)
Rendered /Users/zachbruhnke/.rvm/gems/ruby-1.9.3-p125@todo/gems/actionpack-3.0.9/lib/action_dispatch/middleware/templates/rescues/_request_and_response.erb (1.1ms)
Rendered /Users/zachbruhnke/.rvm/gems/ruby-1.9.3-p125@todo/gems/actionpack-3.0.9/lib/action_dispatch/middleware/templates/rescues/diagnostics.erb within rescues/layout (6.7ms)


Started GET "/blog" for 127.0.0.1 at 2012-04-13 13:55:58 -0700

SyntaxError (/Users/zachbruhnke/projects/todo/config/routes.rb:7: syntax error, unexpected ':', expecting keyword_end
  match '/blog' :to => 'public/blog'
                 ^):
  

Rendered /Users/zachbruhnke/.rvm/gems/ruby-1.9.3-p125@todo/gems/actionpack-3.0.9/lib/action_dispatch/middleware/templates/rescues/_trace.erb (1.0ms)
Rendered /Users/zachbruhnke/.rvm/gems/ruby-1.9.3-p125@todo/gems/actionpack-3.0.9/lib/action_dispatch/middleware/templates/rescues/_request_and_response.erb (1.1ms)
Rendered /Users/zachbruhnke/.rvm/gems/ruby-1.9.3-p125@todo/gems/actionpack-3.0.9/lib/action_dispatch/middleware/templates/rescues/diagnostics.erb within rescues/layout (5.1ms)


Started GET "/blog" for 127.0.0.1 at 2012-04-13 13:56:17 -0700

SyntaxError (/Users/zachbruhnke/projects/todo/config/routes.rb:7: syntax error, unexpected ':', expecting keyword_end
  match '/blog' :to => "public/blog"
                 ^):
  

Rendered /Users/zachbruhnke/.rvm/gems/ruby-1.9.3-p125@todo/gems/actionpack-3.0.9/lib/action_dispatch/middleware/templates/rescues/_trace.erb (0.9ms)
Rendered /Users/zachbruhnke/.rvm/gems/ruby-1.9.3-p125@todo/gems/actionpack-3.0.9/lib/action_dispatch/middleware/templates/rescues/_request_and_response.erb (0.9ms)
Rendered /Users/zachbruhnke/.rvm/gems/ruby-1.9.3-p125@todo/gems/actionpack-3.0.9/lib/action_dispatch/middleware/templates/rescues/diagnostics.erb within rescues/layout (5.1ms)


Started GET "/blog" for 127.0.0.1 at 2012-04-13 13:56:49 -0700

ActionController::RoutingError (No route matches "/blog"):
  

Rendered /Users/zachbruhnke/.rvm/gems/ruby-1.9.3-p125@todo/gems/actionpack-3.0.9/lib/action_dispatch/middleware/templates/rescues/routing_error.erb within rescues/layout (0.9ms)


Started GET "/blog" for 127.0.0.1 at 2012-04-13 13:57:22 -0700

SyntaxError (/Users/zachbruhnke/projects/todo/config/routes.rb:7: syntax error, unexpected ':', expecting keyword_end
  match '/blog' :to => 'public/blog'
                 ^):
  

Rendered /Users/zachbruhnke/.rvm/gems/ruby-1.9.3-p125@todo/gems/actionpack-3.0.9/lib/action_dispatch/middleware/templates/rescues/_trace.erb (0.9ms)
Rendered /Users/zachbruhnke/.rvm/gems/ruby-1.9.3-p125@todo/gems/actionpack-3.0.9/lib/action_dispatch/middleware/templates/rescues/_request_and_response.erb (0.9ms)
Rendered /Users/zachbruhnke/.rvm/gems/ruby-1.9.3-p125@todo/gems/actionpack-3.0.9/lib/action_dispatch/middleware/templates/rescues/diagnostics.erb within rescues/layout (4.6ms)


Started GET "/blog" for 127.0.0.1 at 2012-04-13 13:57:22 -0700

ActionController::RoutingError (No route matches "/blog"):
  

Rendered /Users/zachbruhnke/.rvm/gems/ruby-1.9.3-p125@todo/gems/actionpack-3.0.9/lib/action_dispatch/middleware/templates/rescues/routing_error.erb within rescues/layout (0.9ms)


Started GET "/blog" for 127.0.0.1 at 2012-04-13 13:57:30 -0700

ArgumentError (missing :action):
  config/routes.rb:7:in `block in <top (required)>'
  config/routes.rb:1:in `<top (required)>'

Rendered /Users/zachbruhnke/.rvm/gems/ruby-1.9.3-p125@todo/gems/actionpack-3.0.9/lib/action_dispatch/middleware/templates/rescues/_trace.erb (1.1ms)
Rendered /Users/zachbruhnke/.rvm/gems/ruby-1.9.3-p125@todo/gems/actionpack-3.0.9/lib/action_dispatch/middleware/templates/rescues/_request_and_response.erb (1.1ms)
Rendered /Users/zachbruhnke/.rvm/gems/ruby-1.9.3-p125@todo/gems/actionpack-3.0.9/lib/action_dispatch/middleware/templates/rescues/diagnostics.erb within rescues/layout (5.1ms)


Started GET "/blog" for 127.0.0.1 at 2012-04-13 13:57:40 -0700

ActionController::RoutingError (No route matches "/blog"):
  

Rendered /Users/zachbruhnke/.rvm/gems/ruby-1.9.3-p125@todo/gems/actionpack-3.0.9/lib/action_dispatch/middleware/templates/rescues/routing_error.erb within rescues/layout (1.6ms)


Started GET "/" for 127.0.0.1 at 2012-04-13 14:01:30 -0700
  Processing by TasksController#index as HTML
  [1m[35mList Load (0.3ms)[0m  SELECT "lists".* FROM "lists"
  [1m[36mSQL (0.3ms)[0m  [1mSELECT COUNT(*) FROM "tasks" WHERE ("tasks".list_id = 1)[0m
  [1m[35mSQL (0.2ms)[0m  SELECT COUNT(*) FROM "tasks" WHERE "tasks"."done" = 't' AND ("tasks".list_id = 1)
Rendered lists/_form.html.erb (5.4ms)
Rendered tasks/index.html.erb within layouts/application (33.2ms)
Completed 200 OK in 61ms (Views: 36.3ms | ActiveRecord: 0.8ms)


Started GET "/" for 127.0.0.1 at 2012-04-13 14:01:43 -0700
  Processing by TasksController#index as HTML
  [1m[36mList Load (0.2ms)[0m  [1mSELECT "lists".* FROM "lists"[0m
  [1m[35mSQL (0.2ms)[0m  SELECT COUNT(*) FROM "tasks" WHERE ("tasks".list_id = 1)
  [1m[36mSQL (0.1ms)[0m  [1mSELECT COUNT(*) FROM "tasks" WHERE "tasks"."done" = 't' AND ("tasks".list_id = 1)[0m
Rendered lists/_form.html.erb (7.6ms)
Rendered tasks/index.html.erb within layouts/application (37.9ms)
Completed 200 OK in 61ms (Views: 40.3ms | ActiveRecord: 0.5ms)


Started GET "/blog" for 127.0.0.1 at 2012-04-13 14:01:48 -0700

ActionController::RoutingError (No route matches "/blog"):
  

Rendered /Users/zachbruhnke/.rvm/gems/ruby-1.9.3-p125@todo/gems/actionpack-3.0.9/lib/action_dispatch/middleware/templates/rescues/routing_error.erb within rescues/layout (1.5ms)


Started GET "/blog" for 127.0.0.1 at 2012-04-13 14:01:48 -0700

ActionController::RoutingError (No route matches "/blog"):
  

Rendered /Users/zachbruhnke/.rvm/gems/ruby-1.9.3-p125@todo/gems/actionpack-3.0.9/lib/action_dispatch/middleware/templates/rescues/routing_error.erb within rescues/layout (0.9ms)


Started GET "/" for 127.0.0.1 at 2012-04-13 14:02:50 -0700
  Processing by TasksController#index as HTML
  [1m[35mList Load (0.2ms)[0m  SELECT "lists".* FROM "lists"
  [1m[36mSQL (0.2ms)[0m  [1mSELECT COUNT(*) FROM "tasks" WHERE ("tasks".list_id = 1)[0m
  [1m[35mSQL (0.1ms)[0m  SELECT COUNT(*) FROM "tasks" WHERE "tasks"."done" = 't' AND ("tasks".list_id = 1)
Rendered lists/_form.html.erb (6.0ms)
Rendered tasks/index.html.erb within layouts/application (30.2ms)
Completed 200 OK in 57ms (Views: 32.7ms | ActiveRecord: 0.4ms)
DEPRECATION WARNING: config.action_view.debug_rjs will be removed in 3.1, from 3.1 onwards you will need to install prototype-rails to continue to use RJS templates . (called from <top (required)> at /Users/zachbruhnke/projects/todo/config/environment.rb:5)
DEPRECATION WARNING: config.action_view.debug_rjs will be removed in 3.1, from 3.1 onwards you will need to install prototype-rails to continue to use RJS templates . (called from <top (required)> at /Users/zachbruhnke/projects/todo/config/environment.rb:5)
DEPRECATION WARNING: config.action_view.debug_rjs will be removed in 3.1, from 3.1 onwards you will need to install prototype-rails to continue to use RJS templates . (called from <top (required)> at /Users/zachbruhnke/projects/todo/config/environment.rb:5)


Started GET "/" for 127.0.0.1 at 2012-04-16 11:56:52 -0700
  Processing by TasksController#index as HTML
  [1m[36mSQL (0.5ms)[0m  [1m SELECT name
 FROM sqlite_master
 WHERE type = 'table' AND NOT name = 'sqlite_sequence'
[0m
  [1m[35mList Load (0.6ms)[0m  SELECT "lists".* FROM "lists"
  [1m[36mSQL (0.7ms)[0m  [1mSELECT COUNT(*) FROM "tasks" WHERE ("tasks".list_id = 1)[0m
  [1m[35mSQL (0.1ms)[0m  SELECT COUNT(*) FROM "tasks" WHERE "tasks"."done" = 't' AND ("tasks".list_id = 1)
Rendered lists/_form.html.erb (5.8ms)
Rendered tasks/index.html.erb within layouts/application (115.8ms)
Completed 200 OK in 199ms (Views: 119.7ms | ActiveRecord: 1.9ms)


Started GET "/blog" for 127.0.0.1 at 2012-04-16 11:56:57 -0700

ActionController::RoutingError (No route matches "/blog"):
  

Rendered /Users/zachbruhnke/.rvm/gems/ruby-1.9.3-p125@todo/gems/actionpack-3.0.9/lib/action_dispatch/middleware/templates/rescues/routing_error.erb within rescues/layout (0.9ms)


Started GET "/" for 127.0.0.1 at 2012-04-16 12:01:32 -0700
  Processing by TasksController#index as HTML
  [1m[36mList Load (0.2ms)[0m  [1mSELECT "lists".* FROM "lists"[0m
  [1m[35mSQL (0.2ms)[0m  SELECT COUNT(*) FROM "tasks" WHERE ("tasks".list_id = 1)
  [1m[36mSQL (0.1ms)[0m  [1mSELECT COUNT(*) FROM "tasks" WHERE "tasks"."done" = 't' AND ("tasks".list_id = 1)[0m
Rendered lists/_form.html.erb (5.8ms)
Rendered tasks/index.html.erb within layouts/application (47.3ms)
Completed 200 OK in 74ms (Views: 49.8ms | ActiveRecord: 0.5ms)


Started GET "/blog" for 127.0.0.1 at 2012-04-16 12:01:36 -0700

ActionController::RoutingError (No route matches "/blog"):
  

Rendered /Users/zachbruhnke/.rvm/gems/ruby-1.9.3-p125@todo/gems/actionpack-3.0.9/lib/action_dispatch/middleware/templates/rescues/routing_error.erb within rescues/layout (1.0ms)
DEPRECATION WARNING: config.action_view.debug_rjs will be removed in 3.1, from 3.1 onwards you will need to install prototype-rails to continue to use RJS templates . (called from <top (required)> at /Users/zachbruhnke/projects/todo/config/environment.rb:5)
DEPRECATION WARNING: config.action_view.debug_rjs will be removed in 3.1, from 3.1 onwards you will need to install prototype-rails to continue to use RJS templates . (called from <top (required)> at /Users/zachbruhnke/projects/todo/config/environment.rb:5)
DEPRECATION WARNING: config.action_view.debug_rjs will be removed in 3.1, from 3.1 onwards you will need to install prototype-rails to continue to use RJS templates . (called from <top (required)> at /Users/zachbruhnke/projects/todo/config/environment.rb:5)
DEPRECATION WARNING: config.action_view.debug_rjs will be removed in 3.1, from 3.1 onwards you will need to install prototype-rails to continue to use RJS templates . (called from <top (required)> at /Users/zachbruhnke/projects/todo/config/environment.rb:5)
DEPRECATION WARNING: config.action_view.debug_rjs will be removed in 3.1, from 3.1 onwards you will need to install prototype-rails to continue to use RJS templates . (called from <top (required)> at /Users/zachbruhnke/projects/todo/config/environment.rb:5)
DEPRECATION WARNING: config.action_view.debug_rjs will be removed in 3.1, from 3.1 onwards you will need to install prototype-rails to continue to use RJS templates . (called from <top (required)> at /Users/zachbruhnke/projects/todo/config/environment.rb:5)
DEPRECATION WARNING: config.action_view.debug_rjs will be removed in 3.1, from 3.1 onwards you will need to install prototype-rails to continue to use RJS templates . (called from <top (required)> at /Users/zachbruhnke/projects/todo/config/environment.rb:5)
DEPRECATION WARNING: config.action_view.debug_rjs will be removed in 3.1, from 3.1 onwards you will need to install prototype-rails to continue to use RJS templates . (called from <top (required)> at /Users/zachbruhnke/projects/todo/config/environment.rb:5)
DEPRECATION WARNING: config.action_view.debug_rjs will be removed in 3.1, from 3.1 onwards you will need to install prototype-rails to continue to use RJS templates . (called from <top (required)> at /Users/zachbruhnke/projects/todo/config/environment.rb:5)
DEPRECATION WARNING: config.action_view.debug_rjs will be removed in 3.1, from 3.1 onwards you will need to install prototype-rails to continue to use RJS templates . (called from <top (required)> at /Users/zachbruhnke/projects/todo/config/environment.rb:5)
DEPRECATION WARNING: config.action_view.debug_rjs will be removed in 3.1, from 3.1 onwards you will need to install prototype-rails to continue to use RJS templates . (called from <top (required)> at /Users/zachbruhnke/projects/todo/config/environment.rb:5)
DEPRECATION WARNING: config.action_view.debug_rjs will be removed in 3.1, from 3.1 onwards you will need to install prototype-rails to continue to use RJS templates . (called from <top (required)> at /Users/zachbruhnke/projects/todo/config/environment.rb:5)
DEPRECATION WARNING: config.action_view.debug_rjs will be removed in 3.1, from 3.1 onwards you will need to install prototype-rails to continue to use RJS templates . (called from <top (required)> at /Users/zachbruhnke/projects/todo/config/environment.rb:5)
DEPRECATION WARNING: config.action_view.debug_rjs will be removed in 3.1, from 3.1 onwards you will need to install prototype-rails to continue to use RJS templates . (called from <top (required)> at /Users/zachbruhnke/projects/todo/config/environment.rb:5)
DEPRECATION WARNING: config.action_view.debug_rjs will be removed in 3.1, from 3.1 onwards you will need to install prototype-rails to continue to use RJS templates . (called from <top (required)> at /Users/zachbruhnke/projects/todo/config/environment.rb:5)
DEPRECATION WARNING: config.action_view.debug_rjs will be removed in 3.1, from 3.1 onwards you will need to install prototype-rails to continue to use RJS templates . (called from <top (required)> at /Users/zachbruhnke/projects/todo/config/environment.rb:5)
DEPRECATION WARNING: config.action_view.debug_rjs will be removed in 3.1, from 3.1 onwards you will need to install prototype-rails to continue to use RJS templates . (called from <top (required)> at /Users/zachbruhnke/projects/todo/config/environment.rb:5)
DEPRECATION WARNING: config.action_view.debug_rjs will be removed in 3.1, from 3.1 onwards you will need to install prototype-rails to continue to use RJS templates . (called from <top (required)> at /Users/zachbruhnke/projects/todo/config/environment.rb:5)
DEPRECATION WARNING: config.action_view.debug_rjs will be removed in 3.1, from 3.1 onwards you will need to install prototype-rails to continue to use RJS templates . (called from <top (required)> at /Users/zachbruhnke/projects/todo/config/environment.rb:5)
DEPRECATION WARNING: config.action_view.debug_rjs will be removed in 3.1, from 3.1 onwards you will need to install prototype-rails to continue to use RJS templates . (called from <top (required)> at /Users/zachbruhnke/projects/todo/config/environment.rb:5)
DEPRECATION WARNING: config.action_view.debug_rjs will be removed in 3.1, from 3.1 onwards you will need to install prototype-rails to continue to use RJS templates . (called from <top (required)> at /Users/zachbruhnke/projects/todo/config/environment.rb:5)
DEPRECATION WARNING: config.action_view.debug_rjs will be removed in 3.1, from 3.1 onwards you will need to install prototype-rails to continue to use RJS templates . (called from <top (required)> at /Users/zachbruhnke/projects/todo/config/environment.rb:5)
DEPRECATION WARNING: config.action_view.debug_rjs will be removed in 3.1, from 3.1 onwards you will need to install prototype-rails to continue to use RJS templates . (called from <top (required)> at /Users/zachbruhnke/projects/todo/config/environment.rb:5)
DEPRECATION WARNING: config.action_view.debug_rjs will be removed in 3.1, from 3.1 onwards you will need to install prototype-rails to continue to use RJS templates . (called from <top (required)> at /Users/zachbruhnke/projects/todo/config/environment.rb:5)
DEPRECATION WARNING: config.action_view.debug_rjs will be removed in 3.1, from 3.1 onwards you will need to install prototype-rails to continue to use RJS templates . (called from <top (required)> at /Users/zachbruhnke/projects/todo/config/environment.rb:5)
DEPRECATION WARNING: config.action_view.debug_rjs will be removed in 3.1, from 3.1 onwards you will need to install prototype-rails to continue to use RJS templates . (called from <top (required)> at /Users/zachbruhnke/projects/todo/config/environment.rb:5)
DEPRECATION WARNING: config.action_view.debug_rjs will be removed in 3.1, from 3.1 onwards you will need to install prototype-rails to continue to use RJS templates . (called from <top (required)> at /Users/zachbruhnke/projects/todo/config/environment.rb:5)
DEPRECATION WARNING: config.action_view.debug_rjs will be removed in 3.1, from 3.1 onwards you will need to install prototype-rails to continue to use RJS templates . (called from <top (required)> at /Users/zachbruhnke/projects/todo/config/environment.rb:5)
DEPRECATION WARNING: config.action_view.debug_rjs will be removed in 3.1, from 3.1 onwards you will need to install prototype-rails to continue to use RJS templates . (called from <top (required)> at /Users/zachbruhnke/projects/todo/config/environment.rb:5)
DEPRECATION WARNING: config.action_view.debug_rjs will be removed in 3.1, from 3.1 onwards you will need to install prototype-rails to continue to use RJS templates . (called from <top (required)> at /Users/zachbruhnke/projects/todo/config/environment.rb:5)
DEPRECATION WARNING: config.action_view.debug_rjs will be removed in 3.1, from 3.1 onwards you will need to install prototype-rails to continue to use RJS templates . (called from <top (required)> at /Users/zachbruhnke/projects/todo/config/environment.rb:5)
DEPRECATION WARNING: config.action_view.debug_rjs will be removed in 3.1, from 3.1 onwards you will need to install prototype-rails to continue to use RJS templates . (called from <top (required)> at /Users/zachbruhnke/projects/todo/config/environment.rb:5)
DEPRECATION WARNING: config.action_view.debug_rjs will be removed in 3.1, from 3.1 onwards you will need to install prototype-rails to continue to use RJS templates . (called from <top (required)> at /Users/zachbruhnke/projects/todo/config/environment.rb:5)
DEPRECATION WARNING: config.action_view.debug_rjs will be removed in 3.1, from 3.1 onwards you will need to install prototype-rails to continue to use RJS templates . (called from <top (required)> at /Users/zachbruhnke/projects/todo/config/environment.rb:5)
DEPRECATION WARNING: config.action_view.debug_rjs will be removed in 3.1, from 3.1 onwards you will need to install prototype-rails to continue to use RJS templates . (called from <top (required)> at /Users/zachbruhnke/projects/todo/config/environment.rb:5)


Started GET "/" for 127.0.0.1 at 2012-04-23 13:46:23 -0700
  Processing by TasksController#index as HTML
  [1m[36mSQL (0.5ms)[0m  [1m SELECT name
 FROM sqlite_master
 WHERE type = 'table' AND NOT name = 'sqlite_sequence'
[0m
  [1m[35mList Load (0.6ms)[0m  SELECT "lists".* FROM "lists"
  [1m[36mSQL (0.7ms)[0m  [1mSELECT COUNT(*) FROM "tasks" WHERE ("tasks".list_id = 1)[0m
  [1m[35mSQL (0.1ms)[0m  SELECT COUNT(*) FROM "tasks" WHERE "tasks"."done" = 't' AND ("tasks".list_id = 1)
Rendered lists/_form.html.erb (5.8ms)
Rendered tasks/index.html.erb within layouts/application (116.3ms)
Completed 200 OK in 194ms (Views: 119.9ms | ActiveRecord: 2.0ms)


Started GET "/EY-blog-post.html" for 127.0.0.1 at 2012-04-23 13:46:29 -0700

ActionController::RoutingError (No route matches "/EY-blog-post.html"):
  

Rendered /Users/zachbruhnke/.rvm/gems/ruby-1.9.3-p125@todo/gems/actionpack-3.0.9/lib/action_dispatch/middleware/templates/rescues/routing_error.erb within rescues/layout (0.9ms)


Started GET "/css/syntax.css" for 127.0.0.1 at 2012-04-23 13:46:56 -0700

ActionController::RoutingError (No route matches "/css/syntax.css"):
  

Rendered /Users/zachbruhnke/.rvm/gems/ruby-1.9.3-p125@todo/gems/actionpack-3.0.9/lib/action_dispatch/middleware/templates/rescues/routing_error.erb within rescues/layout (1.2ms)


Started GET "/css/screen.css" for 127.0.0.1 at 2012-04-23 13:46:56 -0700

ActionController::RoutingError (No route matches "/css/screen.css"):
  

Rendered /Users/zachbruhnke/.rvm/gems/ruby-1.9.3-p125@todo/gems/actionpack-3.0.9/lib/action_dispatch/middleware/templates/rescues/routing_error.erb within rescues/layout (0.9ms)


Started GET "/css/syntax.css" for 127.0.0.1 at 2012-04-23 13:46:59 -0700

ActionController::RoutingError (No route matches "/css/syntax.css"):
  

Rendered /Users/zachbruhnke/.rvm/gems/ruby-1.9.3-p125@todo/gems/actionpack-3.0.9/lib/action_dispatch/middleware/templates/rescues/routing_error.erb within rescues/layout (0.9ms)


Started GET "/css/screen.css" for 127.0.0.1 at 2012-04-23 13:46:59 -0700

ActionController::RoutingError (No route matches "/css/screen.css"):
  

Rendered /Users/zachbruhnke/.rvm/gems/ruby-1.9.3-p125@todo/gems/actionpack-3.0.9/lib/action_dispatch/middleware/templates/rescues/routing_error.erb within rescues/layout (0.9ms)


Started GET "/css/syntax.css" for 127.0.0.1 at 2012-04-23 13:47:01 -0700

ActionController::RoutingError (No route matches "/css/syntax.css"):
  

Rendered /Users/zachbruhnke/.rvm/gems/ruby-1.9.3-p125@todo/gems/actionpack-3.0.9/lib/action_dispatch/middleware/templates/rescues/routing_error.erb within rescues/layout (0.9ms)


Started GET "/css/screen.css" for 127.0.0.1 at 2012-04-23 13:47:01 -0700

ActionController::RoutingError (No route matches "/css/screen.css"):
  

Rendered /Users/zachbruhnke/.rvm/gems/ruby-1.9.3-p125@todo/gems/actionpack-3.0.9/lib/action_dispatch/middleware/templates/rescues/routing_error.erb within rescues/layout (1.3ms)


Started GET "/css/syntax.css" for 127.0.0.1 at 2012-04-23 13:47:38 -0700

ActionController::RoutingError (No route matches "/css/syntax.css"):
  

Rendered /Users/zachbruhnke/.rvm/gems/ruby-1.9.3-p125@todo/gems/actionpack-3.0.9/lib/action_dispatch/middleware/templates/rescues/routing_error.erb within rescues/layout (1.0ms)


Started GET "/css/screen.css" for 127.0.0.1 at 2012-04-23 13:47:38 -0700

ActionController::RoutingError (No route matches "/css/screen.css"):
  

Rendered /Users/zachbruhnke/.rvm/gems/ruby-1.9.3-p125@todo/gems/actionpack-3.0.9/lib/action_dispatch/middleware/templates/rescues/routing_error.erb within rescues/layout (0.8ms)


Started GET "/css/syntax.css" for 127.0.0.1 at 2012-04-23 13:47:52 -0700

ActionController::RoutingError (No route matches "/css/syntax.css"):
  

Rendered /Users/zachbruhnke/.rvm/gems/ruby-1.9.3-p125@todo/gems/actionpack-3.0.9/lib/action_dispatch/middleware/templates/rescues/routing_error.erb within rescues/layout (0.9ms)


Started GET "/css/screen.css" for 127.0.0.1 at 2012-04-23 13:47:52 -0700

ActionController::RoutingError (No route matches "/css/screen.css"):
  

Rendered /Users/zachbruhnke/.rvm/gems/ruby-1.9.3-p125@todo/gems/actionpack-3.0.9/lib/action_dispatch/middleware/templates/rescues/routing_error.erb within rescues/layout (1.4ms)
DEPRECATION WARNING: config.action_view.debug_rjs will be removed in 3.1, from 3.1 onwards you will need to install prototype-rails to continue to use RJS templates . (called from <top (required)> at /Users/zachbruhnke/projects/todo/config/environment.rb:5)


Started GET "/Test-Josh.html" for 127.0.0.1 at 2012-04-24 16:57:46 -0700

ActionController::RoutingError (No route matches "/Test-Josh.html"):
  

Rendered /Users/zachbruhnke/.rvm/gems/ruby-1.9.3-p125@todo/gems/actionpack-3.0.9/lib/action_dispatch/middleware/templates/rescues/routing_error.erb within rescues/layout (1.0ms)
DEPRECATION WARNING: config.action_view.debug_rjs will be removed in 3.1, from 3.1 onwards you will need to install prototype-rails to continue to use RJS templates . (called from <top (required)> at /Users/zachbruhnke/projects/todo/config/environment.rb:5)
DEPRECATION WARNING: config.action_view.debug_rjs will be removed in 3.1, from 3.1 onwards you will need to install prototype-rails to continue to use RJS templates . (called from <top (required)> at /Users/zachbruhnke/projects/todo/config/environment.rb:5)
DEPRECATION WARNING: config.action_view.debug_rjs will be removed in 3.1, from 3.1 onwards you will need to install prototype-rails to continue to use RJS templates . (called from <top (required)> at /Users/zachbruhnke/projects/todo/config/environment.rb:5)
DEPRECATION WARNING: config.action_view.debug_rjs will be removed in 3.1, from 3.1 onwards you will need to install prototype-rails to continue to use RJS templates . (called from <top (required)> at /Users/zachbruhnke/projects/todo/config/environment.rb:5)
DEPRECATION WARNING: config.action_view.debug_rjs will be removed in 3.1, from 3.1 onwards you will need to install prototype-rails to continue to use RJS templates . (called from <top (required)> at /Users/zachbruhnke/projects/todo/config/environment.rb:5)
DEPRECATION WARNING: config.action_view.debug_rjs will be removed in 3.1, from 3.1 onwards you will need to install prototype-rails to continue to use RJS templates . (called from <top (required)> at /Users/zachbruhnke/projects/todo/config/environment.rb:5)


Started GET "/" for 127.0.0.1 at 2012-04-25 11:45:56 -0700
  Processing by TasksController#index as HTML
  [1m[36mSQL (0.5ms)[0m  [1m SELECT name
 FROM sqlite_master
 WHERE type = 'table' AND NOT name = 'sqlite_sequence'
[0m
  [1m[35mList Load (0.7ms)[0m  SELECT "lists".* FROM "lists"
  [1m[36mSQL (0.6ms)[0m  [1mSELECT COUNT(*) FROM "tasks" WHERE ("tasks".list_id = 1)[0m
  [1m[35mSQL (0.2ms)[0m  SELECT COUNT(*) FROM "tasks" WHERE "tasks"."done" = 't' AND ("tasks".list_id = 1)
Rendered lists/_form.html.erb (6.9ms)
Rendered tasks/index.html.erb within layouts/application (120.9ms)
Completed 200 OK in 200ms (Views: 124.4ms | ActiveRecord: 2.0ms)


Started GET "/css/reset.css" for 127.0.0.1 at 2012-04-25 11:46:00 -0700

ActionController::RoutingError (No route matches "/css/reset.css"):
  

Rendered /Users/zachbruhnke/.rvm/gems/ruby-1.9.3-p125@todo/gems/actionpack-3.0.9/lib/action_dispatch/middleware/templates/rescues/routing_error.erb within rescues/layout (1.3ms)


Started GET "/css/main.css" for 127.0.0.1 at 2012-04-25 11:46:00 -0700

ActionController::RoutingError (No route matches "/css/main.css"):
  

Rendered /Users/zachbruhnke/.rvm/gems/ruby-1.9.3-p125@todo/gems/actionpack-3.0.9/lib/action_dispatch/middleware/templates/rescues/routing_error.erb within rescues/layout (1.0ms)


Started GET "/images/me_small.png" for 127.0.0.1 at 2012-04-25 11:46:00 -0700

ActionController::RoutingError (No route matches "/images/me_small.png"):
  

Rendered /Users/zachbruhnke/.rvm/gems/ruby-1.9.3-p125@todo/gems/actionpack-3.0.9/lib/action_dispatch/middleware/templates/rescues/routing_error.erb within rescues/layout (0.9ms)


Started GET "/css/reset.css" for 127.0.0.1 at 2012-04-25 11:46:01 -0700

ActionController::RoutingError (No route matches "/css/reset.css"):
  

Rendered /Users/zachbruhnke/.rvm/gems/ruby-1.9.3-p125@todo/gems/actionpack-3.0.9/lib/action_dispatch/middleware/templates/rescues/routing_error.erb within rescues/layout (1.2ms)


Started GET "/css/main.css" for 127.0.0.1 at 2012-04-25 11:46:01 -0700

ActionController::RoutingError (No route matches "/css/main.css"):
  

Rendered /Users/zachbruhnke/.rvm/gems/ruby-1.9.3-p125@todo/gems/actionpack-3.0.9/lib/action_dispatch/middleware/templates/rescues/routing_error.erb within rescues/layout (0.8ms)


Started GET "/" for 127.0.0.1 at 2012-04-25 11:49:32 -0700
  Processing by TasksController#index as HTML
  [1m[36mList Load (0.2ms)[0m  [1mSELECT "lists".* FROM "lists"[0m
  [1m[35mSQL (0.2ms)[0m  SELECT COUNT(*) FROM "tasks" WHERE ("tasks".list_id = 1)
  [1m[36mSQL (0.1ms)[0m  [1mSELECT COUNT(*) FROM "tasks" WHERE "tasks"."done" = 't' AND ("tasks".list_id = 1)[0m
Rendered lists/_form.html.erb (9.8ms)
Rendered tasks/index.html.erb within layouts/application (66.3ms)
Completed 200 OK in 93ms (Views: 68.7ms | ActiveRecord: 0.4ms)


Started GET "/css/reset.css" for 127.0.0.1 at 2012-04-25 11:49:35 -0700

ActionController::RoutingError (No route matches "/css/reset.css"):
  

Rendered /Users/zachbruhnke/.rvm/gems/ruby-1.9.3-p125@todo/gems/actionpack-3.0.9/lib/action_dispatch/middleware/templates/rescues/routing_error.erb within rescues/layout (1.1ms)


Started GET "/css/main.css" for 127.0.0.1 at 2012-04-25 11:49:35 -0700

ActionController::RoutingError (No route matches "/css/main.css"):
  

Rendered /Users/zachbruhnke/.rvm/gems/ruby-1.9.3-p125@todo/gems/actionpack-3.0.9/lib/action_dispatch/middleware/templates/rescues/routing_error.erb within rescues/layout (1.0ms)


Started GET "/images/me_small.png" for 127.0.0.1 at 2012-04-25 11:49:35 -0700

ActionController::RoutingError (No route matches "/images/me_small.png"):
  

Rendered /Users/zachbruhnke/.rvm/gems/ruby-1.9.3-p125@todo/gems/actionpack-3.0.9/lib/action_dispatch/middleware/templates/rescues/routing_error.erb within rescues/layout (1.2ms)


Started GET "/css/reset.css" for 127.0.0.1 at 2012-04-25 11:49:35 -0700

ActionController::RoutingError (No route matches "/css/reset.css"):
  

Rendered /Users/zachbruhnke/.rvm/gems/ruby-1.9.3-p125@todo/gems/actionpack-3.0.9/lib/action_dispatch/middleware/templates/rescues/routing_error.erb within rescues/layout (1.2ms)


Started GET "/css/main.css" for 127.0.0.1 at 2012-04-25 11:49:35 -0700

ActionController::RoutingError (No route matches "/css/main.css"):
  

Rendered /Users/zachbruhnke/.rvm/gems/ruby-1.9.3-p125@todo/gems/actionpack-3.0.9/lib/action_dispatch/middleware/templates/rescues/routing_error.erb within rescues/layout (1.0ms)


Started GET "/images/me_small.png" for 127.0.0.1 at 2012-04-25 11:49:35 -0700

ActionController::RoutingError (No route matches "/images/me_small.png"):
  

Rendered /Users/zachbruhnke/.rvm/gems/ruby-1.9.3-p125@todo/gems/actionpack-3.0.9/lib/action_dispatch/middleware/templates/rescues/routing_error.erb within rescues/layout (0.8ms)


Started GET "/css/screen.css" for 127.0.0.1 at 2012-04-25 13:01:10 -0700

ActionController::RoutingError (No route matches "/css/screen.css"):
  

Rendered /Users/zachbruhnke/.rvm/gems/ruby-1.9.3-p125@todo/gems/actionpack-3.0.9/lib/action_dispatch/middleware/templates/rescues/routing_error.erb within rescues/layout (1.1ms)


Started GET "/css/syntax.css" for 127.0.0.1 at 2012-04-25 13:01:10 -0700

ActionController::RoutingError (No route matches "/css/syntax.css"):
  

Rendered /Users/zachbruhnke/.rvm/gems/ruby-1.9.3-p125@todo/gems/actionpack-3.0.9/lib/action_dispatch/middleware/templates/rescues/routing_error.erb within rescues/layout (0.8ms)


Started GET "/images/me_small.png" for 127.0.0.1 at 2012-04-25 13:01:10 -0700

ActionController::RoutingError (No route matches "/images/me_small.png"):
  

Rendered /Users/zachbruhnke/.rvm/gems/ruby-1.9.3-p125@todo/gems/actionpack-3.0.9/lib/action_dispatch/middleware/templates/rescues/routing_error.erb within rescues/layout (1.1ms)


Started GET "/css/screen.css" for 127.0.0.1 at 2012-04-25 13:01:12 -0700

ActionController::RoutingError (No route matches "/css/screen.css"):
  

Rendered /Users/zachbruhnke/.rvm/gems/ruby-1.9.3-p125@todo/gems/actionpack-3.0.9/lib/action_dispatch/middleware/templates/rescues/routing_error.erb within rescues/layout (0.9ms)


Started GET "/css/syntax.css" for 127.0.0.1 at 2012-04-25 13:01:12 -0700

ActionController::RoutingError (No route matches "/css/syntax.css"):
  

Rendered /Users/zachbruhnke/.rvm/gems/ruby-1.9.3-p125@todo/gems/actionpack-3.0.9/lib/action_dispatch/middleware/templates/rescues/routing_error.erb within rescues/layout (1.7ms)


Started GET "/images/me_small.png" for 127.0.0.1 at 2012-04-25 13:01:12 -0700

ActionController::RoutingError (No route matches "/images/me_small.png"):
  

Rendered /Users/zachbruhnke/.rvm/gems/ruby-1.9.3-p125@todo/gems/actionpack-3.0.9/lib/action_dispatch/middleware/templates/rescues/routing_error.erb within rescues/layout (0.9ms)
DEPRECATION WARNING: config.action_view.debug_rjs will be removed in 3.1, from 3.1 onwards you will need to install prototype-rails to continue to use RJS templates . (called from <top (required)> at /Users/zachbruhnke/projects/todo/config/environment.rb:5)
DEPRECATION WARNING: config.action_view.debug_rjs will be removed in 3.1, from 3.1 onwards you will need to install prototype-rails to continue to use RJS templates . (called from <top (required)> at /Users/zachbruhnke/projects/todo/config/environment.rb:5)
DEPRECATION WARNING: config.action_view.debug_rjs will be removed in 3.1, from 3.1 onwards you will need to install prototype-rails to continue to use RJS templates . (called from <top (required)> at /Users/zachbruhnke/projects/todo/config/environment.rb:5)
DEPRECATION WARNING: config.action_view.debug_rjs will be removed in 3.1, from 3.1 onwards you will need to install prototype-rails to continue to use RJS templates . (called from <top (required)> at /Users/zachbruhnke/projects/todo/config/environment.rb:5)


Started GET "/css/reset.css" for 127.0.0.1 at 2012-04-25 13:30:59 -0700

ActionController::RoutingError (No route matches "/css/reset.css"):
  

Rendered /Users/zachbruhnke/.rvm/gems/ruby-1.9.3-p125@todo/gems/actionpack-3.0.9/lib/action_dispatch/middleware/templates/rescues/routing_error.erb within rescues/layout (0.9ms)


Started GET "/css/main.css" for 127.0.0.1 at 2012-04-25 13:31:00 -0700

ActionController::RoutingError (No route matches "/css/main.css"):
  

Rendered /Users/zachbruhnke/.rvm/gems/ruby-1.9.3-p125@todo/gems/actionpack-3.0.9/lib/action_dispatch/middleware/templates/rescues/routing_error.erb within rescues/layout (0.8ms)


Started GET "/images/me_small.png" for 127.0.0.1 at 2012-04-25 13:31:00 -0700

ActionController::RoutingError (No route matches "/images/me_small.png"):
  

Rendered /Users/zachbruhnke/.rvm/gems/ruby-1.9.3-p125@todo/gems/actionpack-3.0.9/lib/action_dispatch/middleware/templates/rescues/routing_error.erb within rescues/layout (0.8ms)
DEPRECATION WARNING: config.action_view.debug_rjs will be removed in 3.1, from 3.1 onwards you will need to install prototype-rails to continue to use RJS templates . (called from <top (required)> at /Users/zachbruhnke/projects/todo/config/environment.rb:5)
DEPRECATION WARNING: config.action_view.debug_rjs will be removed in 3.1, from 3.1 onwards you will need to install prototype-rails to continue to use RJS templates . (called from <top (required)> at /Users/zachbruhnke/projects/todo/config/environment.rb:5)


Started GET "/css/reset.css" for 127.0.0.1 at 2012-04-25 13:32:30 -0700

ActionController::RoutingError (No route matches "/css/reset.css"):
  

Rendered /Users/zachbruhnke/.rvm/gems/ruby-1.9.3-p125@todo/gems/actionpack-3.0.9/lib/action_dispatch/middleware/templates/rescues/routing_error.erb within rescues/layout (0.9ms)


Started GET "/css/main.css" for 127.0.0.1 at 2012-04-25 13:32:31 -0700

ActionController::RoutingError (No route matches "/css/main.css"):
  

Rendered /Users/zachbruhnke/.rvm/gems/ruby-1.9.3-p125@todo/gems/actionpack-3.0.9/lib/action_dispatch/middleware/templates/rescues/routing_error.erb within rescues/layout (0.8ms)


Started GET "/images/me_small.png" for 127.0.0.1 at 2012-04-25 13:32:31 -0700

ActionController::RoutingError (No route matches "/images/me_small.png"):
  

Rendered /Users/zachbruhnke/.rvm/gems/ruby-1.9.3-p125@todo/gems/actionpack-3.0.9/lib/action_dispatch/middleware/templates/rescues/routing_error.erb within rescues/layout (0.8ms)
DEPRECATION WARNING: config.action_view.debug_rjs will be removed in 3.1, from 3.1 onwards you will need to install prototype-rails to continue to use RJS templates . (called from <top (required)> at /Users/zachbruhnke/projects/todo/config/environment.rb:5)
DEPRECATION WARNING: config.action_view.debug_rjs will be removed in 3.1, from 3.1 onwards you will need to install prototype-rails to continue to use RJS templates . (called from <top (required)> at /Users/zachbruhnke/projects/todo/config/environment.rb:5)
DEPRECATION WARNING: config.action_view.debug_rjs will be removed in 3.1, from 3.1 onwards you will need to install prototype-rails to continue to use RJS templates . (called from <top (required)> at /Users/zachbruhnke/projects/todo/config/environment.rb:5)


Started GET "/css/syntax.css" for 127.0.0.1 at 2012-04-25 13:38:53 -0700

ActionController::RoutingError (No route matches "/css/syntax.css"):
  

Rendered /Users/zachbruhnke/.rvm/gems/ruby-1.9.3-p125@todo/gems/actionpack-3.0.9/lib/action_dispatch/middleware/templates/rescues/routing_error.erb within rescues/layout (0.9ms)


Started GET "/css/screen.css" for 127.0.0.1 at 2012-04-25 13:38:53 -0700

ActionController::RoutingError (No route matches "/css/screen.css"):
  

Rendered /Users/zachbruhnke/.rvm/gems/ruby-1.9.3-p125@todo/gems/actionpack-3.0.9/lib/action_dispatch/middleware/templates/rescues/routing_error.erb within rescues/layout (1.1ms)
DEPRECATION WARNING: config.action_view.debug_rjs will be removed in 3.1, from 3.1 onwards you will need to install prototype-rails to continue to use RJS templates . (called from <top (required)> at /Users/zachbruhnke/projects/todo/config/environment.rb:5)
DEPRECATION WARNING: config.action_view.debug_rjs will be removed in 3.1, from 3.1 onwards you will need to install prototype-rails to continue to use RJS templates . (called from <top (required)> at /Users/zachbruhnke/projects/todo/config/environment.rb:5)
DEPRECATION WARNING: config.action_view.debug_rjs will be removed in 3.1, from 3.1 onwards you will need to install prototype-rails to continue to use RJS templates . (called from <top (required)> at /Users/zachbruhnke/projects/todo/config/environment.rb:5)
DEPRECATION WARNING: config.action_view.debug_rjs will be removed in 3.1, from 3.1 onwards you will need to install prototype-rails to continue to use RJS templates . (called from <top (required)> at /Users/zachbruhnke/projects/todo/config/environment.rb:5)
DEPRECATION WARNING: config.action_view.debug_rjs will be removed in 3.1, from 3.1 onwards you will need to install prototype-rails to continue to use RJS templates . (called from <top (required)> at /Users/zachbruhnke/projects/todo/config/environment.rb:5)


Started GET "/2012/04/25/a-test-post/" for 127.0.0.1 at 2012-04-25 13:57:30 -0700

ActionController::RoutingError (No route matches "/2012/04/25/a-test-post"):
  

Rendered /Users/zachbruhnke/.rvm/gems/ruby-1.9.3-p125@todo/gems/actionpack-3.0.9/lib/action_dispatch/middleware/templates/rescues/routing_error.erb within rescues/layout (0.8ms)


Started GET "/2012/04/25/a-test-post/" for 127.0.0.1 at 2012-04-25 13:57:59 -0700

ActionController::RoutingError (No route matches "/2012/04/25/a-test-post"):
  

Rendered /Users/zachbruhnke/.rvm/gems/ruby-1.9.3-p125@todo/gems/actionpack-3.0.9/lib/action_dispatch/middleware/templates/rescues/routing_error.erb within rescues/layout (0.9ms)
DEPRECATION WARNING: config.action_view.debug_rjs will be removed in 3.1, from 3.1 onwards you will need to install prototype-rails to continue to use RJS templates . (called from <top (required)> at /Users/zachbruhnke/projects/todo/config/environment.rb:5)


Started GET "/" for 127.0.0.1 at 2012-04-25 14:01:03 -0700
  Processing by TasksController#index as HTML
  [1m[36mSQL (0.5ms)[0m  [1m SELECT name
 FROM sqlite_master
 WHERE type = 'table' AND NOT name = 'sqlite_sequence'
[0m
  [1m[35mList Load (0.2ms)[0m  SELECT "lists".* FROM "lists"
  [1m[36mSQL (0.2ms)[0m  [1mSELECT COUNT(*) FROM "tasks" WHERE ("tasks".list_id = 1)[0m
  [1m[35mSQL (0.1ms)[0m  SELECT COUNT(*) FROM "tasks" WHERE "tasks"."done" = 't' AND ("tasks".list_id = 1)
Rendered lists/_form.html.erb (5.5ms)
Rendered tasks/index.html.erb within layouts/application (119.2ms)
Completed 200 OK in 196ms (Views: 122.3ms | ActiveRecord: 1.0ms)


Started GET "/2012/04/25/a-test-post/" for 127.0.0.1 at 2012-04-25 14:01:08 -0700

ActionController::RoutingError (No route matches "/2012/04/25/a-test-post"):
  

Rendered /Users/zachbruhnke/.rvm/gems/ruby-1.9.3-p125@todo/gems/actionpack-3.0.9/lib/action_dispatch/middleware/templates/rescues/routing_error.erb within rescues/layout (0.8ms)
DEPRECATION WARNING: config.action_view.debug_rjs will be removed in 3.1, from 3.1 onwards you will need to install prototype-rails to continue to use RJS templates . (called from <top (required)> at /Users/zachbruhnke/projects/todo/config/environment.rb:5)
DEPRECATION WARNING: config.action_view.debug_rjs will be removed in 3.1, from 3.1 onwards you will need to install prototype-rails to continue to use RJS templates . (called from <top (required)> at /Users/zachbruhnke/projects/todo/config/environment.rb:5)


Started GET "/a-test-post.html" for 127.0.0.1 at 2012-04-25 14:01:34 -0700

ActionController::RoutingError (No route matches "/a-test-post.html"):
  

Rendered /Users/zachbruhnke/.rvm/gems/ruby-1.9.3-p125@todo/gems/actionpack-3.0.9/lib/action_dispatch/middleware/templates/rescues/routing_error.erb within rescues/layout (1.0ms)


Started GET "/a-test-post.html" for 127.0.0.1 at 2012-04-25 14:01:56 -0700

ActionController::RoutingError (No route matches "/a-test-post.html"):
  

Rendered /Users/zachbruhnke/.rvm/gems/ruby-1.9.3-p125@todo/gems/actionpack-3.0.9/lib/action_dispatch/middleware/templates/rescues/routing_error.erb within rescues/layout (0.9ms)
DEPRECATION WARNING: config.action_view.debug_rjs will be removed in 3.1, from 3.1 onwards you will need to install prototype-rails to continue to use RJS templates . (called from <top (required)> at /Users/zachbruhnke/projects/todo/config/environment.rb:5)
DEPRECATION WARNING: config.action_view.debug_rjs will be removed in 3.1, from 3.1 onwards you will need to install prototype-rails to continue to use RJS templates . (called from <top (required)> at /Users/zachbruhnke/projects/todo/config/environment.rb:5)


Started GET "/blog/a-test-post.html" for 127.0.0.1 at 2012-04-25 14:04:12 -0700

ActionController::RoutingError (No route matches "/blog/a-test-post.html"):
  

Rendered /Users/zachbruhnke/.rvm/gems/ruby-1.9.3-p125@todo/gems/actionpack-3.0.9/lib/action_dispatch/middleware/templates/rescues/routing_error.erb within rescues/layout (1.2ms)
DEPRECATION WARNING: config.action_view.debug_rjs will be removed in 3.1, from 3.1 onwards you will need to install prototype-rails to continue to use RJS templates . (called from <top (required)> at /Users/zachbruhnke/projects/todo/config/environment.rb:5)
DEPRECATION WARNING: config.action_view.debug_rjs will be removed in 3.1, from 3.1 onwards you will need to install prototype-rails to continue to use RJS templates . (called from <top (required)> at /Users/zachbruhnke/projects/todo/config/environment.rb:5)


Started GET "/a-test-post.html" for 127.0.0.1 at 2012-04-25 14:11:58 -0700

ActionController::RoutingError (No route matches "/a-test-post.html"):
  

Rendered /Users/zachbruhnke/.rvm/gems/ruby-1.9.3-p125@todo/gems/actionpack-3.0.9/lib/action_dispatch/middleware/templates/rescues/routing_error.erb within rescues/layout (0.9ms)
DEPRECATION WARNING: config.action_view.debug_rjs will be removed in 3.1, from 3.1 onwards you will need to install prototype-rails to continue to use RJS templates . (called from <top (required)> at /Users/zachbruhnke/projects/todo/config/environment.rb:5)


Started GET "/blog/_posts" for 127.0.0.1 at 2012-04-25 14:15:28 -0700


Started GET "/a-test-post.html" for 127.0.0.1 at 2012-04-25 14:15:52 -0700

ActionController::RoutingError (No route matches "/a-test-post.html"):
  

Rendered /Users/zachbruhnke/.rvm/gems/ruby-1.9.3-p125@todo/gems/actionpack-3.0.9/lib/action_dispatch/middleware/templates/rescues/routing_error.erb within rescues/layout (1.0ms)


Started GET "/blog/_posts/a-test-post.html" for 127.0.0.1 at 2012-04-25 14:16:00 -0700

ActionController::RoutingError (No route matches "/blog/_posts/a-test-post.html"):
  

Rendered /Users/zachbruhnke/.rvm/gems/ruby-1.9.3-p125@todo/gems/actionpack-3.0.9/lib/action_dispatch/middleware/templates/rescues/routing_error.erb within rescues/layout (0.9ms)
DEPRECATION WARNING: config.action_view.debug_rjs will be removed in 3.1, from 3.1 onwards you will need to install prototype-rails to continue to use RJS templates . (called from <top (required)> at /Users/zachbruhnke/projects/todo/config/environment.rb:5)


Started GET "/a-test-post.html" for 127.0.0.1 at 2012-04-25 14:16:53 -0700

ActionController::RoutingError (No route matches "/a-test-post.html"):
  

Rendered /Users/zachbruhnke/.rvm/gems/ruby-1.9.3-p125@todo/gems/actionpack-3.0.9/lib/action_dispatch/middleware/templates/rescues/routing_error.erb within rescues/layout (1.0ms)
DEPRECATION WARNING: config.action_view.debug_rjs will be removed in 3.1, from 3.1 onwards you will need to install prototype-rails to continue to use RJS templates . (called from <top (required)> at /Users/zachbruhnke/projects/todo/config/environment.rb:5)
DEPRECATION WARNING: config.action_view.debug_rjs will be removed in 3.1, from 3.1 onwards you will need to install prototype-rails to continue to use RJS templates . (called from <top (required)> at /Users/zachbruhnke/projects/todo/config/environment.rb:5)


Started GET "/" for 127.0.0.1 at 2012-04-25 14:22:14 -0700
  Processing by TasksController#index as HTML
  [1m[36mSQL (0.5ms)[0m  [1m SELECT name
 FROM sqlite_master
 WHERE type = 'table' AND NOT name = 'sqlite_sequence'
[0m
  [1m[35mList Load (0.2ms)[0m  SELECT "lists".* FROM "lists"
  [1m[36mSQL (0.2ms)[0m  [1mSELECT COUNT(*) FROM "tasks" WHERE ("tasks".list_id = 1)[0m
  [1m[35mSQL (0.1ms)[0m  SELECT COUNT(*) FROM "tasks" WHERE "tasks"."done" = 't' AND ("tasks".list_id = 1)
Rendered lists/_form.html.erb (5.6ms)
Rendered tasks/index.html.erb within layouts/application (79.5ms)
Completed 200 OK in 162ms (Views: 82.5ms | ActiveRecord: 0.9ms)


Started GET "/a-test-post.html" for 127.0.0.1 at 2012-04-25 14:22:19 -0700

ActionController::RoutingError (No route matches "/a-test-post.html"):
  

Rendered /Users/zachbruhnke/.rvm/gems/ruby-1.9.3-p125@todo/gems/actionpack-3.0.9/lib/action_dispatch/middleware/templates/rescues/routing_error.erb within rescues/layout (0.9ms)
DEPRECATION WARNING: config.action_view.debug_rjs will be removed in 3.1, from 3.1 onwards you will need to install prototype-rails to continue to use RJS templates . (called from <top (required)> at /Users/zachbruhnke/projects/todo/config/environment.rb:5)


Started GET "/a-test-post.html" for 127.0.0.1 at 2012-04-25 14:26:10 -0700

ActionController::RoutingError (No route matches "/a-test-post.html"):
  

Rendered /Users/zachbruhnke/.rvm/gems/ruby-1.9.3-p125@todo/gems/actionpack-3.0.9/lib/action_dispatch/middleware/templates/rescues/routing_error.erb within rescues/layout (0.9ms)
DEPRECATION WARNING: config.action_view.debug_rjs will be removed in 3.1, from 3.1 onwards you will need to install prototype-rails to continue to use RJS templates . (called from <top (required)> at /Users/zachbruhnke/projects/todo/config/environment.rb:5)


Started GET "/a-test-post.html" for 127.0.0.1 at 2012-04-25 14:26:31 -0700


Started GET "/blog/:title" for 127.0.0.1 at 2012-04-25 14:26:31 -0700

ActionController::RoutingError (No route matches "/blog/:title"):
  

Rendered /Users/zachbruhnke/.rvm/gems/ruby-1.9.3-p125@todo/gems/actionpack-3.0.9/lib/action_dispatch/middleware/templates/rescues/routing_error.erb within rescues/layout (0.9ms)


Started GET "/blog/:title" for 127.0.0.1 at 2012-04-25 14:26:43 -0700

ActionController::RoutingError (No route matches "/blog/:title"):
  

Rendered /Users/zachbruhnke/.rvm/gems/ruby-1.9.3-p125@todo/gems/actionpack-3.0.9/lib/action_dispatch/middleware/templates/rescues/routing_error.erb within rescues/layout (1.3ms)
DEPRECATION WARNING: config.action_view.debug_rjs will be removed in 3.1, from 3.1 onwards you will need to install prototype-rails to continue to use RJS templates . (called from <top (required)> at /Users/zachbruhnke/projects/todo/config/environment.rb:5)


Started GET "/blog/:title" for 127.0.0.1 at 2012-04-25 14:27:13 -0700

ActionController::RoutingError (No route matches "/blog/:title"):
  

Rendered /Users/zachbruhnke/.rvm/gems/ruby-1.9.3-p125@todo/gems/actionpack-3.0.9/lib/action_dispatch/middleware/templates/rescues/routing_error.erb within rescues/layout (0.9ms)


Started GET "/blog/:title" for 127.0.0.1 at 2012-04-25 14:27:32 -0700

ActionController::RoutingError (No route matches "/blog/:title"):
  

Rendered /Users/zachbruhnke/.rvm/gems/ruby-1.9.3-p125@todo/gems/actionpack-3.0.9/lib/action_dispatch/middleware/templates/rescues/routing_error.erb within rescues/layout (1.4ms)
DEPRECATION WARNING: config.action_view.debug_rjs will be removed in 3.1, from 3.1 onwards you will need to install prototype-rails to continue to use RJS templates . (called from <top (required)> at /Users/zachbruhnke/projects/todo/config/environment.rb:5)
DEPRECATION WARNING: config.action_view.debug_rjs will be removed in 3.1, from 3.1 onwards you will need to install prototype-rails to continue to use RJS templates . (called from <top (required)> at /Users/zachbruhnke/projects/todo/config/environment.rb:5)
DEPRECATION WARNING: config.action_view.debug_rjs will be removed in 3.1, from 3.1 onwards you will need to install prototype-rails to continue to use RJS templates . (called from <top (required)> at /Users/zachbruhnke/projects/todo/config/environment.rb:5)
DEPRECATION WARNING: config.action_view.debug_rjs will be removed in 3.1, from 3.1 onwards you will need to install prototype-rails to continue to use RJS templates . (called from <top (required)> at /Users/zachbruhnke/projects/todo/config/environment.rb:5)
DEPRECATION WARNING: config.action_view.debug_rjs will be removed in 3.1, from 3.1 onwards you will need to install prototype-rails to continue to use RJS templates . (called from <top (required)> at /Users/zachbruhnke/projects/todo/config/environment.rb:5)


Started GET "/blog/:title" for 127.0.0.1 at 2012-04-25 15:44:06 -0700

ActionController::RoutingError (No route matches "/blog/:title"):
  

Rendered /Users/zachbruhnke/.rvm/gems/ruby-1.9.3-p125@todo/gems/actionpack-3.0.9/lib/action_dispatch/middleware/templates/rescues/routing_error.erb within rescues/layout (0.9ms)
DEPRECATION WARNING: config.action_view.debug_rjs will be removed in 3.1, from 3.1 onwards you will need to install prototype-rails to continue to use RJS templates . (called from <top (required)> at /Users/zachbruhnke/projects/todo/config/environment.rb:5)


Started GET "/" for 127.0.0.1 at 2012-04-25 15:44:24 -0700
  Processing by TasksController#index as HTML
  [1m[36mSQL (0.5ms)[0m  [1m SELECT name
 FROM sqlite_master
 WHERE type = 'table' AND NOT name = 'sqlite_sequence'
[0m
  [1m[35mList Load (0.5ms)[0m  SELECT "lists".* FROM "lists"
  [1m[36mSQL (0.8ms)[0m  [1mSELECT COUNT(*) FROM "tasks" WHERE ("tasks".list_id = 1)[0m
  [1m[35mSQL (0.1ms)[0m  SELECT COUNT(*) FROM "tasks" WHERE "tasks"."done" = 't' AND ("tasks".list_id = 1)
Rendered lists/_form.html.erb (5.6ms)
Rendered tasks/index.html.erb within layouts/application (117.9ms)
Completed 200 OK in 201ms (Views: 121.4ms | ActiveRecord: 2.0ms)


Started GET "/blog/:title" for 127.0.0.1 at 2012-04-25 15:44:30 -0700

ActionController::RoutingError (No route matches "/blog/:title"):
  

Rendered /Users/zachbruhnke/.rvm/gems/ruby-1.9.3-p125@todo/gems/actionpack-3.0.9/lib/action_dispatch/middleware/templates/rescues/routing_error.erb within rescues/layout (0.9ms)
DEPRECATION WARNING: config.action_view.debug_rjs will be removed in 3.1, from 3.1 onwards you will need to install prototype-rails to continue to use RJS templates . (called from <top (required)> at /Users/zachbruhnke/projects/todo/config/environment.rb:5)
DEPRECATION WARNING: config.action_view.debug_rjs will be removed in 3.1, from 3.1 onwards you will need to install prototype-rails to continue to use RJS templates . (called from <top (required)> at /Users/zachbruhnke/projects/todo/config/environment.rb:5)


Started GET "/" for 127.0.0.1 at 2012-04-25 15:45:24 -0700
  Processing by TasksController#index as HTML
  [1m[36mSQL (0.5ms)[0m  [1m SELECT name
 FROM sqlite_master
 WHERE type = 'table' AND NOT name = 'sqlite_sequence'
[0m
  [1m[35mList Load (0.3ms)[0m  SELECT "lists".* FROM "lists"
  [1m[36mSQL (0.2ms)[0m  [1mSELECT COUNT(*) FROM "tasks" WHERE ("tasks".list_id = 1)[0m
  [1m[35mSQL (0.1ms)[0m  SELECT COUNT(*) FROM "tasks" WHERE "tasks"."done" = 't' AND ("tasks".list_id = 1)
Rendered lists/_form.html.erb (5.2ms)
Rendered tasks/index.html.erb within layouts/application (101.0ms)
Completed 200 OK in 174ms (Views: 104.1ms | ActiveRecord: 1.1ms)


Started GET "/blog/:title" for 127.0.0.1 at 2012-04-25 15:45:30 -0700

ActionController::RoutingError (No route matches "/blog/:title"):
  

Rendered /Users/zachbruhnke/.rvm/gems/ruby-1.9.3-p125@todo/gems/actionpack-3.0.9/lib/action_dispatch/middleware/templates/rescues/routing_error.erb within rescues/layout (0.9ms)


Started GET "/blog/:title" for 127.0.0.1 at 2012-04-25 15:46:07 -0700

ActionController::RoutingError (No route matches "/blog/:title"):
  

Rendered /Users/zachbruhnke/.rvm/gems/ruby-1.9.3-p125@todo/gems/actionpack-3.0.9/lib/action_dispatch/middleware/templates/rescues/routing_error.erb within rescues/layout (0.8ms)
DEPRECATION WARNING: config.action_view.debug_rjs will be removed in 3.1, from 3.1 onwards you will need to install prototype-rails to continue to use RJS templates . (called from <top (required)> at /Users/zachbruhnke/projects/todo/config/environment.rb:5)


Started GET "/" for 127.0.0.1 at 2012-04-25 15:48:00 -0700
  Processing by TasksController#index as HTML
  [1m[36mSQL (0.5ms)[0m  [1m SELECT name
 FROM sqlite_master
 WHERE type = 'table' AND NOT name = 'sqlite_sequence'
[0m
  [1m[35mList Load (0.2ms)[0m  SELECT "lists".* FROM "lists"
  [1m[36mSQL (0.2ms)[0m  [1mSELECT COUNT(*) FROM "tasks" WHERE ("tasks".list_id = 1)[0m
  [1m[35mSQL (0.1ms)[0m  SELECT COUNT(*) FROM "tasks" WHERE "tasks"."done" = 't' AND ("tasks".list_id = 1)
Rendered lists/_form.html.erb (5.5ms)
Rendered tasks/index.html.erb within layouts/application (100.5ms)
Completed 200 OK in 165ms (Views: 103.5ms | ActiveRecord: 1.0ms)


Started GET "/a-test-post.html" for 127.0.0.1 at 2012-04-25 15:48:05 -0700

ActionController::RoutingError (No route matches "/a-test-post.html"):
  

Rendered /Users/zachbruhnke/.rvm/gems/ruby-1.9.3-p125@todo/gems/actionpack-3.0.9/lib/action_dispatch/middleware/templates/rescues/routing_error.erb within rescues/layout (0.9ms)
DEPRECATION WARNING: config.action_view.debug_rjs will be removed in 3.1, from 3.1 onwards you will need to install prototype-rails to continue to use RJS templates . (called from <top (required)> at /Users/zachbruhnke/projects/todo/config/environment.rb:5)
DEPRECATION WARNING: config.action_view.debug_rjs will be removed in 3.1, from 3.1 onwards you will need to install prototype-rails to continue to use RJS templates . (called from <top (required)> at /Users/zachbruhnke/projects/todo/config/environment.rb:5)


Started GET "/a-test-post.html" for 127.0.0.1 at 2012-04-25 15:55:52 -0700

ActionController::RoutingError (No route matches "/a-test-post.html"):
  

Rendered /Users/zachbruhnke/.rvm/gems/ruby-1.9.3-p125@todo/gems/actionpack-3.0.9/lib/action_dispatch/middleware/templates/rescues/routing_error.erb within rescues/layout (0.8ms)


Started GET "/" for 127.0.0.1 at 2012-04-25 15:56:15 -0700
  Processing by TasksController#index as HTML
  [1m[36mSQL (0.5ms)[0m  [1m SELECT name
 FROM sqlite_master
 WHERE type = 'table' AND NOT name = 'sqlite_sequence'
[0m
  [1m[35mList Load (0.2ms)[0m  SELECT "lists".* FROM "lists"
  [1m[36mSQL (0.2ms)[0m  [1mSELECT COUNT(*) FROM "tasks" WHERE ("tasks".list_id = 1)[0m
  [1m[35mSQL (0.1ms)[0m  SELECT COUNT(*) FROM "tasks" WHERE "tasks"."done" = 't' AND ("tasks".list_id = 1)
Rendered lists/_form.html.erb (5.5ms)
Rendered tasks/index.html.erb within layouts/application (99.7ms)
Completed 200 OK in 166ms (Views: 103.8ms | ActiveRecord: 0.9ms)


Started GET "/a-test-post.html" for 127.0.0.1 at 2012-04-25 15:56:23 -0700

ActionController::RoutingError (No route matches "/a-test-post.html"):
  

Rendered /Users/zachbruhnke/.rvm/gems/ruby-1.9.3-p125@todo/gems/actionpack-3.0.9/lib/action_dispatch/middleware/templates/rescues/routing_error.erb within rescues/layout (0.9ms)
DEPRECATION WARNING: config.action_view.debug_rjs will be removed in 3.1, from 3.1 onwards you will need to install prototype-rails to continue to use RJS templates . (called from <top (required)> at /Users/zachbruhnke/projects/todo/config/environment.rb:5)
DEPRECATION WARNING: config.action_view.debug_rjs will be removed in 3.1, from 3.1 onwards you will need to install prototype-rails to continue to use RJS templates . (called from <top (required)> at /Users/zachbruhnke/projects/todo/config/environment.rb:5)


Started GET "/" for 127.0.0.1 at 2012-04-25 15:57:50 -0700
  Processing by TasksController#index as HTML
  [1m[36mSQL (0.5ms)[0m  [1m SELECT name
 FROM sqlite_master
 WHERE type = 'table' AND NOT name = 'sqlite_sequence'
[0m
  [1m[35mList Load (0.2ms)[0m  SELECT "lists".* FROM "lists"
  [1m[36mSQL (0.2ms)[0m  [1mSELECT COUNT(*) FROM "tasks" WHERE ("tasks".list_id = 1)[0m
  [1m[35mSQL (0.1ms)[0m  SELECT COUNT(*) FROM "tasks" WHERE "tasks"."done" = 't' AND ("tasks".list_id = 1)
Rendered lists/_form.html.erb (5.6ms)
Rendered tasks/index.html.erb within layouts/application (93.7ms)
Completed 200 OK in 162ms (Views: 96.8ms | ActiveRecord: 1.0ms)


Started GET "/a-test-post.html" for 127.0.0.1 at 2012-04-25 15:57:56 -0700

ActionController::RoutingError (No route matches "/a-test-post.html"):
  

Rendered /Users/zachbruhnke/.rvm/gems/ruby-1.9.3-p125@todo/gems/actionpack-3.0.9/lib/action_dispatch/middleware/templates/rescues/routing_error.erb within rescues/layout (0.9ms)


Started GET "/a-test-post.html" for 127.0.0.1 at 2012-04-25 15:58:19 -0700

ActionController::RoutingError (No route matches "/a-test-post.html"):
  

Rendered /Users/zachbruhnke/.rvm/gems/ruby-1.9.3-p125@todo/gems/actionpack-3.0.9/lib/action_dispatch/middleware/templates/rescues/routing_error.erb within rescues/layout (0.9ms)
DEPRECATION WARNING: config.action_view.debug_rjs will be removed in 3.1, from 3.1 onwards you will need to install prototype-rails to continue to use RJS templates . (called from <top (required)> at /Users/zachbruhnke/projects/todo/config/environment.rb:5)
DEPRECATION WARNING: config.action_view.debug_rjs will be removed in 3.1, from 3.1 onwards you will need to install prototype-rails to continue to use RJS templates . (called from <top (required)> at /Users/zachbruhnke/projects/todo/config/environment.rb:5)


Started GET "/" for 127.0.0.1 at 2012-04-25 16:03:45 -0700
  Processing by TasksController#index as HTML
  [1m[36mSQL (0.6ms)[0m  [1m SELECT name
 FROM sqlite_master
 WHERE type = 'table' AND NOT name = 'sqlite_sequence'
[0m
  [1m[35mList Load (0.2ms)[0m  SELECT "lists".* FROM "lists"
  [1m[36mSQL (0.2ms)[0m  [1mSELECT COUNT(*) FROM "tasks" WHERE ("tasks".list_id = 1)[0m
  [1m[35mSQL (0.1ms)[0m  SELECT COUNT(*) FROM "tasks" WHERE "tasks"."done" = 't' AND ("tasks".list_id = 1)
Rendered lists/_form.html.erb (5.7ms)
Rendered tasks/index.html.erb within layouts/application (78.1ms)
Completed 200 OK in 166ms (Views: 97.1ms | ActiveRecord: 1.1ms)


Started GET "/a-test-post.html" for 127.0.0.1 at 2012-04-25 16:03:52 -0700

ActionController::RoutingError (No route matches "/a-test-post.html"):
  

Rendered /Users/zachbruhnke/.rvm/gems/ruby-1.9.3-p125@todo/gems/actionpack-3.0.9/lib/action_dispatch/middleware/templates/rescues/routing_error.erb within rescues/layout (0.9ms)
DEPRECATION WARNING: config.action_view.debug_rjs will be removed in 3.1, from 3.1 onwards you will need to install prototype-rails to continue to use RJS templates . (called from <top (required)> at /Users/zachbruhnke/projects/todo/config/environment.rb:5)
DEPRECATION WARNING: config.action_view.debug_rjs will be removed in 3.1, from 3.1 onwards you will need to install prototype-rails to continue to use RJS templates . (called from <top (required)> at /Users/zachbruhnke/projects/todo/config/environment.rb:5)
DEPRECATION WARNING: config.action_view.debug_rjs will be removed in 3.1, from 3.1 onwards you will need to install prototype-rails to continue to use RJS templates . (called from <top (required)> at /Users/zachbruhnke/projects/todo/config/environment.rb:5)
DEPRECATION WARNING: config.action_view.debug_rjs will be removed in 3.1, from 3.1 onwards you will need to install prototype-rails to continue to use RJS templates . (called from <top (required)> at /Users/zachbruhnke/projects/todo/config/environment.rb:5)
DEPRECATION WARNING: config.action_view.debug_rjs will be removed in 3.1, from 3.1 onwards you will need to install prototype-rails to continue to use RJS templates . (called from <top (required)> at /Users/zachbruhnke/projects/todo/config/environment.rb:5)


Started GET "/a-test-post.html" for 127.0.0.1 at 2012-04-25 16:20:38 -0700

ActionController::RoutingError (No route matches "/a-test-post.html"):
  

Rendered /Users/zachbruhnke/.rvm/gems/ruby-1.9.3-p125@todo/gems/actionpack-3.0.9/lib/action_dispatch/middleware/templates/rescues/routing_error.erb within rescues/layout (0.9ms)
DEPRECATION WARNING: config.action_view.debug_rjs will be removed in 3.1, from 3.1 onwards you will need to install prototype-rails to continue to use RJS templates . (called from <top (required)> at /Users/zachbruhnke/projects/todo/config/environment.rb:5)
DEPRECATION WARNING: config.action_view.debug_rjs will be removed in 3.1, from 3.1 onwards you will need to install prototype-rails to continue to use RJS templates . (called from <top (required)> at /Users/zachbruhnke/projects/todo/config/environment.rb:5)
DEPRECATION WARNING: config.action_view.debug_rjs will be removed in 3.1, from 3.1 onwards you will need to install prototype-rails to continue to use RJS templates . (called from <top (required)> at /Users/zachbruhnke/projects/todo/config/environment.rb:5)
DEPRECATION WARNING: config.action_view.debug_rjs will be removed in 3.1, from 3.1 onwards you will need to install prototype-rails to continue to use RJS templates . (called from <top (required)> at /Users/zachbruhnke/projects/todo/config/environment.rb:5)
DEPRECATION WARNING: config.action_view.debug_rjs will be removed in 3.1, from 3.1 onwards you will need to install prototype-rails to continue to use RJS templates . (called from <top (required)> at /Users/zachbruhnke/projects/todo/config/environment.rb:5)
DEPRECATION WARNING: config.action_view.debug_rjs will be removed in 3.1, from 3.1 onwards you will need to install prototype-rails to continue to use RJS templates . (called from <top (required)> at /Users/zachbruhnke/projects/todo/config/environment.rb:5)
DEPRECATION WARNING: config.action_view.debug_rjs will be removed in 3.1, from 3.1 onwards you will need to install prototype-rails to continue to use RJS templates . (called from <top (required)> at /Users/zachbruhnke/projects/todo/config/environment.rb:5)


Started GET "/" for 127.0.0.1 at 2012-04-25 16:47:59 -0700
  Processing by TasksController#index as HTML
  [1m[36mSQL (15.9ms)[0m  [1m SELECT name
 FROM sqlite_master
 WHERE type = 'table' AND NOT name = 'sqlite_sequence'
[0m
  [1m[35mList Load (0.2ms)[0m  SELECT "lists".* FROM "lists"
  [1m[36mSQL (0.2ms)[0m  [1mSELECT COUNT(*) FROM "tasks" WHERE ("tasks".list_id = 1)[0m
  [1m[35mSQL (0.1ms)[0m  SELECT COUNT(*) FROM "tasks" WHERE "tasks"."done" = 't' AND ("tasks".list_id = 1)
Rendered lists/_form.html.erb (5.5ms)
Rendered tasks/index.html.erb within layouts/application (108.8ms)
Completed 200 OK in 187ms (Views: 111.6ms | ActiveRecord: 16.3ms)
DEPRECATION WARNING: config.action_view.debug_rjs will be removed in 3.1, from 3.1 onwards you will need to install prototype-rails to continue to use RJS templates . (called from <top (required)> at /Users/zachbruhnke/projects/todo/config/environment.rb:5)
DEPRECATION WARNING: config.action_view.debug_rjs will be removed in 3.1, from 3.1 onwards you will need to install prototype-rails to continue to use RJS templates . (called from <top (required)> at /Users/zachbruhnke/projects/todo/config/environment.rb:5)
DEPRECATION WARNING: config.action_view.debug_rjs will be removed in 3.1, from 3.1 onwards you will need to install prototype-rails to continue to use RJS templates . (called from <top (required)> at /Users/zachbruhnke/projects/todo/config/environment.rb:5)
DEPRECATION WARNING: config.action_view.debug_rjs will be removed in 3.1, from 3.1 onwards you will need to install prototype-rails to continue to use RJS templates . (called from <top (required)> at /Users/zachbruhnke/projects/todo/config/environment.rb:5)
DEPRECATION WARNING: config.action_view.debug_rjs will be removed in 3.1, from 3.1 onwards you will need to install prototype-rails to continue to use RJS templates . (called from <top (required)> at /Users/zachbruhnke/projects/todo/config/environment.rb:5)
DEPRECATION WARNING: config.action_view.debug_rjs will be removed in 3.1, from 3.1 onwards you will need to install prototype-rails to continue to use RJS templates . (called from <top (required)> at /Users/zachbruhnke/projects/todo/config/environment.rb:5)
DEPRECATION WARNING: config.action_view.debug_rjs will be removed in 3.1, from 3.1 onwards you will need to install prototype-rails to continue to use RJS templates . (called from <top (required)> at /Users/zachbruhnke/projects/todo/config/environment.rb:5)
